ERROR - 2025-06-26 23:22:55 --> Error connecting to the database: mysqli_sql_exception: Access denied for user ''@'localhost' (using password: NO) in D:\SEMESTER 4\PEMROGRAMAN WEB II\ourapp\system\Database\MySQLi\Connection.php:201
Stack trace:
#0 D:\SEMESTER 4\PEMROGRAMAN WEB II\ourapp\system\Database\MySQLi\Connection.php(201): mysqli->real_connect('localhost', '', Object(SensitiveParameterValue), '', 3306, '', 0)
#1 D:\SEMESTER 4\PEMROGRAMAN WEB II\ourapp\system\Database\BaseConnection.php(421): CodeIgniter\Database\MySQLi\Connection->connect(false)
#2 D:\SEMESTER 4\PEMROGRAMAN WEB II\ourapp\system\Database\BaseConnection.php(620): CodeIgniter\Database\BaseConnection->initialize()
#3 D:\SEMESTER 4\PEMROGRAMAN WEB II\ourapp\system\Database\BaseConnection.php(1525): CodeIgniter\Database\BaseConnection->query('SHOW TABLES FRO...')
#4 D:\SEMESTER 4\PEMROGRAMAN WEB II\ourapp\system\Database\BaseConnection.php(1545): CodeIgniter\Database\BaseConnection->listTables()
#5 D:\SEMESTER 4\PEMROGRAMAN WEB II\ourapp\system\Database\MigrationRunner.php(768): CodeIgniter\Database\BaseConnection->tableExists('migrations')
#6 D:\SEMESTER 4\PEMROGRAMAN WEB II\ourapp\system\Database\MigrationRunner.php(162): CodeIgniter\Database\MigrationRunner->ensureTable()
#7 D:\SEMESTER 4\PEMROGRAMAN WEB II\ourapp\system\Commands\Database\Migrate.php(85): CodeIgniter\Database\MigrationRunner->latest(NULL)
#8 D:\SEMESTER 4\PEMROGRAMAN WEB II\ourapp\system\CLI\Commands.php(74): CodeIgniter\Commands\Database\Migrate->run(Array)
#9 D:\SEMESTER 4\PEMROGRAMAN WEB II\ourapp\system\CLI\Console.php(47): CodeIgniter\CLI\Commands->run('migrate', Array)
#10 D:\SEMESTER 4\PEMROGRAMAN WEB II\ourapp\system\Boot.php(360): CodeIgniter\CLI\Console->run()
#11 D:\SEMESTER 4\PEMROGRAMAN WEB II\ourapp\system\Boot.php(104): CodeIgniter\Boot::runCommand(Object(CodeIgniter\CLI\Console))
#12 D:\SEMESTER 4\PEMROGRAMAN WEB II\ourapp\spark(87): CodeIgniter\Boot::bootSpark(Object(Config\Paths))
#13 {main}

Next CodeIgniter\Database\Exceptions\DatabaseException: Access denied for user ''@'localhost' (using password: NO) in D:\SEMESTER 4\PEMROGRAMAN WEB II\ourapp\system\Database\MySQLi\Connection.php:246
Stack trace:
#0 D:\SEMESTER 4\PEMROGRAMAN WEB II\ourapp\system\Database\BaseConnection.php(421): CodeIgniter\Database\MySQLi\Connection->connect(false)
#1 D:\SEMESTER 4\PEMROGRAMAN WEB II\ourapp\system\Database\BaseConnection.php(620): CodeIgniter\Database\BaseConnection->initialize()
#2 D:\SEMESTER 4\PEMROGRAMAN WEB II\ourapp\system\Database\BaseConnection.php(1525): CodeIgniter\Database\BaseConnection->query('SHOW TABLES FRO...')
#3 D:\SEMESTER 4\PEMROGRAMAN WEB II\ourapp\system\Database\BaseConnection.php(1545): CodeIgniter\Database\BaseConnection->listTables()
#4 D:\SEMESTER 4\PEMROGRAMAN WEB II\ourapp\system\Database\MigrationRunner.php(768): CodeIgniter\Database\BaseConnection->tableExists('migrations')
#5 D:\SEMESTER 4\PEMROGRAMAN WEB II\ourapp\system\Database\MigrationRunner.php(162): CodeIgniter\Database\MigrationRunner->ensureTable()
#6 D:\SEMESTER 4\PEMROGRAMAN WEB II\ourapp\system\Commands\Database\Migrate.php(85): CodeIgniter\Database\MigrationRunner->latest(NULL)
#7 D:\SEMESTER 4\PEMROGRAMAN WEB II\ourapp\system\CLI\Commands.php(74): CodeIgniter\Commands\Database\Migrate->run(Array)
#8 D:\SEMESTER 4\PEMROGRAMAN WEB II\ourapp\system\CLI\Console.php(47): CodeIgniter\CLI\Commands->run('migrate', Array)
#9 D:\SEMESTER 4\PEMROGRAMAN WEB II\ourapp\system\Boot.php(360): CodeIgniter\CLI\Console->run()
#10 D:\SEMESTER 4\PEMROGRAMAN WEB II\ourapp\system\Boot.php(104): CodeIgniter\Boot::runCommand(Object(CodeIgniter\CLI\Console))
#11 D:\SEMESTER 4\PEMROGRAMAN WEB II\ourapp\spark(87): CodeIgniter\Boot::bootSpark(Object(Config\Paths))
#12 {main}
ERROR - 2025-06-26 23:47:16 --> Error connecting to the database: mysqli_sql_exception: Unknown database 'ourapp' in D:\XAMPP\htdocs\ourapp\system\Database\MySQLi\Connection.php:201
Stack trace:
#0 D:\XAMPP\htdocs\ourapp\system\Database\MySQLi\Connection.php(201): mysqli->real_connect('localhost', 'root', Object(SensitiveParameterValue), 'ourapp', 3306, '', 0)
#1 D:\XAMPP\htdocs\ourapp\system\Database\BaseConnection.php(421): CodeIgniter\Database\MySQLi\Connection->connect(false)
#2 D:\XAMPP\htdocs\ourapp\system\Database\BaseConnection.php(620): CodeIgniter\Database\BaseConnection->initialize()
#3 D:\XAMPP\htdocs\ourapp\system\Database\BaseConnection.php(1525): CodeIgniter\Database\BaseConnection->query('SHOW TABLES FRO...')
#4 D:\XAMPP\htdocs\ourapp\system\Database\BaseConnection.php(1545): CodeIgniter\Database\BaseConnection->listTables()
#5 D:\XAMPP\htdocs\ourapp\system\Database\MigrationRunner.php(768): CodeIgniter\Database\BaseConnection->tableExists('migrations')
#6 D:\XAMPP\htdocs\ourapp\system\Database\MigrationRunner.php(162): CodeIgniter\Database\MigrationRunner->ensureTable()
#7 D:\XAMPP\htdocs\ourapp\system\Commands\Database\Migrate.php(85): CodeIgniter\Database\MigrationRunner->latest(NULL)
#8 D:\XAMPP\htdocs\ourapp\system\CLI\Commands.php(74): CodeIgniter\Commands\Database\Migrate->run(Array)
#9 D:\XAMPP\htdocs\ourapp\system\CLI\Console.php(47): CodeIgniter\CLI\Commands->run('migrate', Array)
#10 D:\XAMPP\htdocs\ourapp\system\Boot.php(360): CodeIgniter\CLI\Console->run()
#11 D:\XAMPP\htdocs\ourapp\system\Boot.php(104): CodeIgniter\Boot::runCommand(Object(CodeIgniter\CLI\Console))
#12 D:\XAMPP\htdocs\ourapp\spark(87): CodeIgniter\Boot::bootSpark(Object(Config\Paths))
#13 {main}

Next CodeIgniter\Database\Exceptions\DatabaseException: Unknown database 'ourapp' in D:\XAMPP\htdocs\ourapp\system\Database\MySQLi\Connection.php:246
Stack trace:
#0 D:\XAMPP\htdocs\ourapp\system\Database\BaseConnection.php(421): CodeIgniter\Database\MySQLi\Connection->connect(false)
#1 D:\XAMPP\htdocs\ourapp\system\Database\BaseConnection.php(620): CodeIgniter\Database\BaseConnection->initialize()
#2 D:\XAMPP\htdocs\ourapp\system\Database\BaseConnection.php(1525): CodeIgniter\Database\BaseConnection->query('SHOW TABLES FRO...')
#3 D:\XAMPP\htdocs\ourapp\system\Database\BaseConnection.php(1545): CodeIgniter\Database\BaseConnection->listTables()
#4 D:\XAMPP\htdocs\ourapp\system\Database\MigrationRunner.php(768): CodeIgniter\Database\BaseConnection->tableExists('migrations')
#5 D:\XAMPP\htdocs\ourapp\system\Database\MigrationRunner.php(162): CodeIgniter\Database\MigrationRunner->ensureTable()
#6 D:\XAMPP\htdocs\ourapp\system\Commands\Database\Migrate.php(85): CodeIgniter\Database\MigrationRunner->latest(NULL)
#7 D:\XAMPP\htdocs\ourapp\system\CLI\Commands.php(74): CodeIgniter\Commands\Database\Migrate->run(Array)
#8 D:\XAMPP\htdocs\ourapp\system\CLI\Console.php(47): CodeIgniter\CLI\Commands->run('migrate', Array)
#9 D:\XAMPP\htdocs\ourapp\system\Boot.php(360): CodeIgniter\CLI\Console->run()
#10 D:\XAMPP\htdocs\ourapp\system\Boot.php(104): CodeIgniter\Boot::runCommand(Object(CodeIgniter\CLI\Console))
#11 D:\XAMPP\htdocs\ourapp\spark(87): CodeIgniter\Boot::bootSpark(Object(Config\Paths))
#12 {main}
CRITICAL - 2025-06-26 23:58:33 --> ErrorException: Class App\Database\Migrations\CreateUsers contains 1 abstract method and must therefore be declared abstract or implement the remaining methods (CodeIgniter\Database\Migration::down)
[Method: CLI, Route: migrate]
in APPPATH\Database\Migrations\2025-06-26-232104_CreateUsers.php on line 7.
 1 [internal function]: CodeIgniter\Debug\Exceptions->shutdownHandler()
