CRITICAL - 2025-06-27 00:03:12 --> ErrorException: Class App\Database\Migrations\CreateCategories contains 1 abstract method and must therefore be declared abstract or implement the remaining methods (CodeIgniter\Database\Migration::down)
[Method: CLI, Route: migrate]
in APPPATH\Database\Migrations\2025-06-26-232133_CreateCategories.php on line 7.
 1 [internal function]: CodeIgniter\Debug\Exceptions->shutdownHandler()
CRITICAL - 2025-06-27 00:45:40 --> Error: Class "App\Controllers\UserModel" not found
[Method: POST, Route: login/process]
in APPPATH\Controllers\AuthController.php on line 20.
 1 SYSTEMPATH\CodeIgniter.php(933): App\Controllers\AuthController->processLogin()
 2 SYSTEMPATH\CodeIgniter.php(507): CodeIgniter\CodeIgniter->runController(Object(App\Controllers\AuthController))
 3 SYSTEMPATH\CodeIgniter.php(354): CodeIgniter\CodeIgniter->handleRequest(null, Object(Config\Cache), false)
 4 SYSTEMPATH\Boot.php(334): CodeIgniter\CodeIgniter->run()
 5 SYSTEMPATH\Boot.php(67): CodeIgniter\Boot::runCodeIgniter(Object(CodeIgniter\CodeIgniter))
 6 FCPATH\index.php(59): CodeIgniter\Boot::bootWeb(Object(Config\Paths))
 7 SYSTEMPATH\rewrite.php(44): require_once('D:\\XAMPP\\htdocs\\ourapp\\public\\index.php')
DEBUG - 2025-06-27 00:45:57 --> Session: Class initialized using 'CodeIgniter\Session\Handlers\FileHandler' driver.
CRITICAL - 2025-06-27 00:46:04 --> Error: Class "App\Controllers\UserModel" not found
[Method: POST, Route: login/process]
in APPPATH\Controllers\AuthController.php on line 20.
 1 SYSTEMPATH\CodeIgniter.php(933): App\Controllers\AuthController->processLogin()
 2 SYSTEMPATH\CodeIgniter.php(507): CodeIgniter\CodeIgniter->runController(Object(App\Controllers\AuthController))
 3 SYSTEMPATH\CodeIgniter.php(354): CodeIgniter\CodeIgniter->handleRequest(null, Object(Config\Cache), false)
 4 SYSTEMPATH\Boot.php(334): CodeIgniter\CodeIgniter->run()
 5 SYSTEMPATH\Boot.php(67): CodeIgniter\Boot::runCodeIgniter(Object(CodeIgniter\CodeIgniter))
 6 FCPATH\index.php(59): CodeIgniter\Boot::bootWeb(Object(Config\Paths))
 7 SYSTEMPATH\rewrite.php(44): require_once('D:\\XAMPP\\htdocs\\ourapp\\public\\index.php')
DEBUG - 2025-06-27 00:49:44 --> Session: Class initialized using 'CodeIgniter\Session\Handlers\FileHandler' driver.
CRITICAL - 2025-06-27 00:49:45 --> CodeIgniter\View\Exceptions\ViewException: Invalid file: "tasks/index.php"
[Method: GET, Route: tasks]
in SYSTEMPATH\Exceptions\FrameworkException.php on line 39.
 1 SYSTEMPATH\View\View.php(212): CodeIgniter\Exceptions\FrameworkException::forInvalidFile('tasks/index.php')
 2 SYSTEMPATH\Common.php(1173): CodeIgniter\View\View->render('tasks/index', [], true)
 3 APPPATH\Controllers\TaskController.php(27): view('tasks/index', [...])
 4 SYSTEMPATH\CodeIgniter.php(933): App\Controllers\TaskController->index()
 5 SYSTEMPATH\CodeIgniter.php(507): CodeIgniter\CodeIgniter->runController(Object(App\Controllers\TaskController))
 6 SYSTEMPATH\CodeIgniter.php(354): CodeIgniter\CodeIgniter->handleRequest(null, Object(Config\Cache), false)
 7 SYSTEMPATH\Boot.php(334): CodeIgniter\CodeIgniter->run()
 8 SYSTEMPATH\Boot.php(67): CodeIgniter\Boot::runCodeIgniter(Object(CodeIgniter\CodeIgniter))
 9 FCPATH\index.php(59): CodeIgniter\Boot::bootWeb(Object(Config\Paths))
10 SYSTEMPATH\rewrite.php(44): require_once('D:\\XAMPP\\htdocs\\ourapp\\public\\index.php')
DEBUG - 2025-06-27 00:50:02 --> Session: Class initialized using 'CodeIgniter\Session\Handlers\FileHandler' driver.
CRITICAL - 2025-06-27 00:50:02 --> CodeIgniter\View\Exceptions\ViewException: Invalid file: "tasks/index.php"
[Method: GET, Route: tasks]
in SYSTEMPATH\Exceptions\FrameworkException.php on line 39.
 1 SYSTEMPATH\View\View.php(212): CodeIgniter\Exceptions\FrameworkException::forInvalidFile('tasks/index.php')
 2 SYSTEMPATH\Common.php(1173): CodeIgniter\View\View->render('tasks/index', [], true)
 3 APPPATH\Controllers\TaskController.php(27): view('tasks/index', [...])
 4 SYSTEMPATH\CodeIgniter.php(933): App\Controllers\TaskController->index()
 5 SYSTEMPATH\CodeIgniter.php(507): CodeIgniter\CodeIgniter->runController(Object(App\Controllers\TaskController))
 6 SYSTEMPATH\CodeIgniter.php(354): CodeIgniter\CodeIgniter->handleRequest(null, Object(Config\Cache), false)
 7 SYSTEMPATH\Boot.php(334): CodeIgniter\CodeIgniter->run()
 8 SYSTEMPATH\Boot.php(67): CodeIgniter\Boot::runCodeIgniter(Object(CodeIgniter\CodeIgniter))
 9 FCPATH\index.php(59): CodeIgniter\Boot::bootWeb(Object(Config\Paths))
10 SYSTEMPATH\rewrite.php(44): require_once('D:\\XAMPP\\htdocs\\ourapp\\public\\index.php')
DEBUG - 2025-06-27 00:54:28 --> Session: Class initialized using 'CodeIgniter\Session\Handlers\FileHandler' driver.
CRITICAL - 2025-06-27 00:54:28 --> CodeIgniter\View\Exceptions\ViewException: Invalid file: "tasks/index.php"
[Method: GET, Route: tasks]
in SYSTEMPATH\Exceptions\FrameworkException.php on line 39.
 1 SYSTEMPATH\View\View.php(212): CodeIgniter\Exceptions\FrameworkException::forInvalidFile('tasks/index.php')
 2 SYSTEMPATH\Common.php(1173): CodeIgniter\View\View->render('tasks/index', [], true)
 3 APPPATH\Controllers\TaskController.php(27): view('tasks/index', [...])
 4 SYSTEMPATH\CodeIgniter.php(933): App\Controllers\TaskController->index()
 5 SYSTEMPATH\CodeIgniter.php(507): CodeIgniter\CodeIgniter->runController(Object(App\Controllers\TaskController))
 6 SYSTEMPATH\CodeIgniter.php(354): CodeIgniter\CodeIgniter->handleRequest(null, Object(Config\Cache), false)
 7 SYSTEMPATH\Boot.php(334): CodeIgniter\CodeIgniter->run()
 8 SYSTEMPATH\Boot.php(67): CodeIgniter\Boot::runCodeIgniter(Object(CodeIgniter\CodeIgniter))
 9 FCPATH\index.php(59): CodeIgniter\Boot::bootWeb(Object(Config\Paths))
10 SYSTEMPATH\rewrite.php(44): require_once('D:\\XAMPP\\htdocs\\ourapp\\public\\index.php')
DEBUG - 2025-06-27 01:27:13 --> Session: Class initialized using 'CodeIgniter\Session\Handlers\FileHandler' driver.
DEBUG - 2025-06-27 01:27:27 --> Session: Class initialized using 'CodeIgniter\Session\Handlers\FileHandler' driver.
DEBUG - 2025-06-27 01:27:33 --> Session: Class initialized using 'CodeIgniter\Session\Handlers\FileHandler' driver.
DEBUG - 2025-06-27 01:27:33 --> Session: Class initialized using 'CodeIgniter\Session\Handlers\FileHandler' driver.
DEBUG - 2025-06-27 01:37:59 --> Session: Class initialized using 'CodeIgniter\Session\Handlers\FileHandler' driver.
DEBUG - 2025-06-27 01:54:36 --> Session: Class initialized using 'CodeIgniter\Session\Handlers\FileHandler' driver.
CRITICAL - 2025-06-27 01:54:36 --> CodeIgniter\View\Exceptions\ViewException: Invalid file: "tasks/index.php"
[Method: GET, Route: tasks]
in SYSTEMPATH\Exceptions\FrameworkException.php on line 39.
 1 SYSTEMPATH\View\View.php(212): CodeIgniter\Exceptions\FrameworkException::forInvalidFile('tasks/index.php')
 2 SYSTEMPATH\Common.php(1173): CodeIgniter\View\View->render('tasks/index', [], true)
 3 APPPATH\Controllers\TaskController.php(27): view('tasks/index', [...])
 4 SYSTEMPATH\CodeIgniter.php(933): App\Controllers\TaskController->index()
 5 SYSTEMPATH\CodeIgniter.php(507): CodeIgniter\CodeIgniter->runController(Object(App\Controllers\TaskController))
 6 SYSTEMPATH\CodeIgniter.php(354): CodeIgniter\CodeIgniter->handleRequest(null, Object(Config\Cache), false)
 7 SYSTEMPATH\Boot.php(334): CodeIgniter\CodeIgniter->run()
 8 SYSTEMPATH\Boot.php(67): CodeIgniter\Boot::runCodeIgniter(Object(CodeIgniter\CodeIgniter))
 9 FCPATH\index.php(59): CodeIgniter\Boot::bootWeb(Object(Config\Paths))
10 SYSTEMPATH\rewrite.php(44): require_once('D:\\XAMPP\\htdocs\\ourapp\\public\\index.php')
DEBUG - 2025-06-27 01:55:05 --> Session: Class initialized using 'CodeIgniter\Session\Handlers\FileHandler' driver.
DEBUG - 2025-06-27 01:55:05 --> Session: Class initialized using 'CodeIgniter\Session\Handlers\FileHandler' driver.
DEBUG - 2025-06-27 01:56:26 --> Session: Class initialized using 'CodeIgniter\Session\Handlers\FileHandler' driver.
DEBUG - 2025-06-27 01:56:27 --> Session: Class initialized using 'CodeIgniter\Session\Handlers\FileHandler' driver.
DEBUG - 2025-06-27 01:59:52 --> Session: Class initialized using 'CodeIgniter\Session\Handlers\FileHandler' driver.
ERROR - 2025-06-27 02:57:33 --> Error connecting to the database: mysqli_sql_exception: No connection could be made because the target machine actively refused it in D:\tugas_SEM4\pemrograman web 2\ourapp\system\Database\MySQLi\Connection.php:201
Stack trace:
#0 D:\tugas_SEM4\pemrograman web 2\ourapp\system\Database\MySQLi\Connection.php(201): mysqli->real_connect()
#1 D:\tugas_SEM4\pemrograman web 2\ourapp\system\Database\BaseConnection.php(421): CodeIgniter\Database\MySQLi\Connection->connect()
#2 D:\tugas_SEM4\pemrograman web 2\ourapp\system\Database\BaseConnection.php(620): CodeIgniter\Database\BaseConnection->initialize()
#3 D:\tugas_SEM4\pemrograman web 2\ourapp\system\Database\BaseConnection.php(1525): CodeIgniter\Database\BaseConnection->query()
#4 D:\tugas_SEM4\pemrograman web 2\ourapp\system\Database\BaseConnection.php(1545): CodeIgniter\Database\BaseConnection->listTables()
#5 D:\tugas_SEM4\pemrograman web 2\ourapp\system\Database\MigrationRunner.php(768): CodeIgniter\Database\BaseConnection->tableExists()
#6 D:\tugas_SEM4\pemrograman web 2\ourapp\system\Database\MigrationRunner.php(162): CodeIgniter\Database\MigrationRunner->ensureTable()
#7 D:\tugas_SEM4\pemrograman web 2\ourapp\system\Commands\Database\Migrate.php(85): CodeIgniter\Database\MigrationRunner->latest()
#8 D:\tugas_SEM4\pemrograman web 2\ourapp\system\CLI\Commands.php(74): CodeIgniter\Commands\Database\Migrate->run()
#9 D:\tugas_SEM4\pemrograman web 2\ourapp\system\CLI\Console.php(47): CodeIgniter\CLI\Commands->run()
#10 D:\tugas_SEM4\pemrograman web 2\ourapp\system\Boot.php(360): CodeIgniter\CLI\Console->run()
#11 D:\tugas_SEM4\pemrograman web 2\ourapp\system\Boot.php(104): CodeIgniter\Boot::runCommand()
#12 D:\tugas_SEM4\pemrograman web 2\ourapp\spark(87): CodeIgniter\Boot::bootSpark()
#13 {main}

Next CodeIgniter\Database\Exceptions\DatabaseException: No connection could be made because the target machine actively refused it in D:\tugas_SEM4\pemrograman web 2\ourapp\system\Database\MySQLi\Connection.php:246
Stack trace:
#0 D:\tugas_SEM4\pemrograman web 2\ourapp\system\Database\BaseConnection.php(421): CodeIgniter\Database\MySQLi\Connection->connect()
#1 D:\tugas_SEM4\pemrograman web 2\ourapp\system\Database\BaseConnection.php(620): CodeIgniter\Database\BaseConnection->initialize()
#2 D:\tugas_SEM4\pemrograman web 2\ourapp\system\Database\BaseConnection.php(1525): CodeIgniter\Database\BaseConnection->query()
#3 D:\tugas_SEM4\pemrograman web 2\ourapp\system\Database\BaseConnection.php(1545): CodeIgniter\Database\BaseConnection->listTables()
#4 D:\tugas_SEM4\pemrograman web 2\ourapp\system\Database\MigrationRunner.php(768): CodeIgniter\Database\BaseConnection->tableExists()
#5 D:\tugas_SEM4\pemrograman web 2\ourapp\system\Database\MigrationRunner.php(162): CodeIgniter\Database\MigrationRunner->ensureTable()
#6 D:\tugas_SEM4\pemrograman web 2\ourapp\system\Commands\Database\Migrate.php(85): CodeIgniter\Database\MigrationRunner->latest()
#7 D:\tugas_SEM4\pemrograman web 2\ourapp\system\CLI\Commands.php(74): CodeIgniter\Commands\Database\Migrate->run()
#8 D:\tugas_SEM4\pemrograman web 2\ourapp\system\CLI\Console.php(47): CodeIgniter\CLI\Commands->run()
#9 D:\tugas_SEM4\pemrograman web 2\ourapp\system\Boot.php(360): CodeIgniter\CLI\Console->run()
#10 D:\tugas_SEM4\pemrograman web 2\ourapp\system\Boot.php(104): CodeIgniter\Boot::runCommand()
#11 D:\tugas_SEM4\pemrograman web 2\ourapp\spark(87): CodeIgniter\Boot::bootSpark()
#12 {main}
ERROR - 2025-06-27 02:59:53 --> Error connecting to the database: mysqli_sql_exception: Unknown database 'ourapp' in D:\tugas_SEM4\pemrograman web 2\ourapp\system\Database\MySQLi\Connection.php:201
Stack trace:
#0 D:\tugas_SEM4\pemrograman web 2\ourapp\system\Database\MySQLi\Connection.php(201): mysqli->real_connect()
#1 D:\tugas_SEM4\pemrograman web 2\ourapp\system\Database\BaseConnection.php(421): CodeIgniter\Database\MySQLi\Connection->connect()
#2 D:\tugas_SEM4\pemrograman web 2\ourapp\system\Database\BaseConnection.php(620): CodeIgniter\Database\BaseConnection->initialize()
#3 D:\tugas_SEM4\pemrograman web 2\ourapp\system\Database\BaseConnection.php(1525): CodeIgniter\Database\BaseConnection->query()
#4 D:\tugas_SEM4\pemrograman web 2\ourapp\system\Database\BaseConnection.php(1545): CodeIgniter\Database\BaseConnection->listTables()
#5 D:\tugas_SEM4\pemrograman web 2\ourapp\system\Database\MigrationRunner.php(768): CodeIgniter\Database\BaseConnection->tableExists()
#6 D:\tugas_SEM4\pemrograman web 2\ourapp\system\Database\MigrationRunner.php(646): CodeIgniter\Database\MigrationRunner->ensureTable()
#7 D:\tugas_SEM4\pemrograman web 2\ourapp\system\Commands\Database\MigrateStatus.php(115): CodeIgniter\Database\MigrationRunner->getHistory()
#8 D:\tugas_SEM4\pemrograman web 2\ourapp\system\CLI\Commands.php(74): CodeIgniter\Commands\Database\MigrateStatus->run()
#9 D:\tugas_SEM4\pemrograman web 2\ourapp\system\CLI\Console.php(47): CodeIgniter\CLI\Commands->run()
#10 D:\tugas_SEM4\pemrograman web 2\ourapp\system\Boot.php(360): CodeIgniter\CLI\Console->run()
#11 D:\tugas_SEM4\pemrograman web 2\ourapp\system\Boot.php(104): CodeIgniter\Boot::runCommand()
#12 D:\tugas_SEM4\pemrograman web 2\ourapp\spark(87): CodeIgniter\Boot::bootSpark()
#13 {main}

Next CodeIgniter\Database\Exceptions\DatabaseException: Unknown database 'ourapp' in D:\tugas_SEM4\pemrograman web 2\ourapp\system\Database\MySQLi\Connection.php:246
Stack trace:
#0 D:\tugas_SEM4\pemrograman web 2\ourapp\system\Database\BaseConnection.php(421): CodeIgniter\Database\MySQLi\Connection->connect()
#1 D:\tugas_SEM4\pemrograman web 2\ourapp\system\Database\BaseConnection.php(620): CodeIgniter\Database\BaseConnection->initialize()
#2 D:\tugas_SEM4\pemrograman web 2\ourapp\system\Database\BaseConnection.php(1525): CodeIgniter\Database\BaseConnection->query()
#3 D:\tugas_SEM4\pemrograman web 2\ourapp\system\Database\BaseConnection.php(1545): CodeIgniter\Database\BaseConnection->listTables()
#4 D:\tugas_SEM4\pemrograman web 2\ourapp\system\Database\MigrationRunner.php(768): CodeIgniter\Database\BaseConnection->tableExists()
#5 D:\tugas_SEM4\pemrograman web 2\ourapp\system\Database\MigrationRunner.php(646): CodeIgniter\Database\MigrationRunner->ensureTable()
#6 D:\tugas_SEM4\pemrograman web 2\ourapp\system\Commands\Database\MigrateStatus.php(115): CodeIgniter\Database\MigrationRunner->getHistory()
#7 D:\tugas_SEM4\pemrograman web 2\ourapp\system\CLI\Commands.php(74): CodeIgniter\Commands\Database\MigrateStatus->run()
#8 D:\tugas_SEM4\pemrograman web 2\ourapp\system\CLI\Console.php(47): CodeIgniter\CLI\Commands->run()
#9 D:\tugas_SEM4\pemrograman web 2\ourapp\system\Boot.php(360): CodeIgniter\CLI\Console->run()
#10 D:\tugas_SEM4\pemrograman web 2\ourapp\system\Boot.php(104): CodeIgniter\Boot::runCommand()
#11 D:\tugas_SEM4\pemrograman web 2\ourapp\spark(87): CodeIgniter\Boot::bootSpark()
#12 {main}
CRITICAL - 2025-06-27 02:59:53 --> CodeIgniter\Database\Exceptions\DatabaseException: Unable to connect to the database.
Main connection [MySQLi]: Unknown database 'ourapp'
[Method: CLI, Route: migrate:status]
in SYSTEMPATH\Database\BaseConnection.php on line 467.
 1 SYSTEMPATH\Database\BaseConnection.php(620): CodeIgniter\Database\BaseConnection->initialize()
 2 SYSTEMPATH\Database\BaseConnection.php(1525): CodeIgniter\Database\BaseConnection->query()
 3 SYSTEMPATH\Database\BaseConnection.php(1545): CodeIgniter\Database\BaseConnection->listTables()
 4 SYSTEMPATH\Database\MigrationRunner.php(768): CodeIgniter\Database\BaseConnection->tableExists()
 5 SYSTEMPATH\Database\MigrationRunner.php(646): CodeIgniter\Database\MigrationRunner->ensureTable()
 6 SYSTEMPATH\Commands\Database\MigrateStatus.php(115): CodeIgniter\Database\MigrationRunner->getHistory()
 7 SYSTEMPATH\CLI\Commands.php(74): CodeIgniter\Commands\Database\MigrateStatus->run()
 8 SYSTEMPATH\CLI\Console.php(47): CodeIgniter\CLI\Commands->run()
 9 SYSTEMPATH\Boot.php(360): CodeIgniter\CLI\Console->run()
10 SYSTEMPATH\Boot.php(104): CodeIgniter\Boot::runCommand()
11 ROOTPATH\spark(87): CodeIgniter\Boot::bootSpark()
ERROR - 2025-06-27 03:35:17 --> mysqli_sql_exception: Table 'categories' already exists in D:\tugas_SEM4\pemrograman web 2\ourapp\system\Database\MySQLi\Connection.php:327
Stack trace:
#0 D:\tugas_SEM4\pemrograman web 2\ourapp\system\Database\MySQLi\Connection.php(327): mysqli->query()
#1 D:\tugas_SEM4\pemrograman web 2\ourapp\system\Database\BaseConnection.php(738): CodeIgniter\Database\MySQLi\Connection->execute()
#2 D:\tugas_SEM4\pemrograman web 2\ourapp\system\Database\BaseConnection.php(652): CodeIgniter\Database\BaseConnection->simpleQuery()
#3 D:\tugas_SEM4\pemrograman web 2\ourapp\system\Database\Forge.php(570): CodeIgniter\Database\BaseConnection->query()
#4 D:\tugas_SEM4\pemrograman web 2\ourapp\app\Database\Migrations\2025-06-26-232133_CreateCategories.php(16): CodeIgniter\Database\Forge->createTable()
#5 D:\tugas_SEM4\pemrograman web 2\ourapp\system\Database\MigrationRunner.php(876): App\Database\Migrations\CreateCategories->up()
#6 D:\tugas_SEM4\pemrograman web 2\ourapp\system\Database\MigrationRunner.php(182): CodeIgniter\Database\MigrationRunner->migrate()
#7 D:\tugas_SEM4\pemrograman web 2\ourapp\system\Commands\Database\Migrate.php(85): CodeIgniter\Database\MigrationRunner->latest()
#8 D:\tugas_SEM4\pemrograman web 2\ourapp\system\CLI\Commands.php(74): CodeIgniter\Commands\Database\Migrate->run()
#9 D:\tugas_SEM4\pemrograman web 2\ourapp\system\CLI\Console.php(47): CodeIgniter\CLI\Commands->run()
#10 D:\tugas_SEM4\pemrograman web 2\ourapp\system\Boot.php(360): CodeIgniter\CLI\Console->run()
#11 D:\tugas_SEM4\pemrograman web 2\ourapp\system\Boot.php(104): CodeIgniter\Boot::runCommand()
#12 D:\tugas_SEM4\pemrograman web 2\ourapp\spark(87): CodeIgniter\Boot::bootSpark()
#13 {main}
ERROR - 2025-06-27 03:35:53 --> mysqli_sql_exception: Table 'categories' already exists in D:\tugas_SEM4\pemrograman web 2\ourapp\system\Database\MySQLi\Connection.php:327
Stack trace:
#0 D:\tugas_SEM4\pemrograman web 2\ourapp\system\Database\MySQLi\Connection.php(327): mysqli->query()
#1 D:\tugas_SEM4\pemrograman web 2\ourapp\system\Database\BaseConnection.php(738): CodeIgniter\Database\MySQLi\Connection->execute()
#2 D:\tugas_SEM4\pemrograman web 2\ourapp\system\Database\BaseConnection.php(652): CodeIgniter\Database\BaseConnection->simpleQuery()
#3 D:\tugas_SEM4\pemrograman web 2\ourapp\system\Database\Forge.php(570): CodeIgniter\Database\BaseConnection->query()
#4 D:\tugas_SEM4\pemrograman web 2\ourapp\app\Database\Migrations\2025-06-26-232133_CreateCategories.php(16): CodeIgniter\Database\Forge->createTable()
#5 D:\tugas_SEM4\pemrograman web 2\ourapp\system\Database\MigrationRunner.php(876): App\Database\Migrations\CreateCategories->up()
#6 D:\tugas_SEM4\pemrograman web 2\ourapp\system\Database\MigrationRunner.php(182): CodeIgniter\Database\MigrationRunner->migrate()
#7 D:\tugas_SEM4\pemrograman web 2\ourapp\system\Commands\Database\Migrate.php(85): CodeIgniter\Database\MigrationRunner->latest()
#8 D:\tugas_SEM4\pemrograman web 2\ourapp\system\CLI\Commands.php(74): CodeIgniter\Commands\Database\Migrate->run()
#9 D:\tugas_SEM4\pemrograman web 2\ourapp\system\CLI\BaseCommand.php(119): CodeIgniter\CLI\Commands->run()
#10 D:\tugas_SEM4\pemrograman web 2\ourapp\system\Commands\Database\MigrateRefresh.php(87): CodeIgniter\CLI\BaseCommand->call()
#11 D:\tugas_SEM4\pemrograman web 2\ourapp\system\CLI\Commands.php(74): CodeIgniter\Commands\Database\MigrateRefresh->run()
#12 D:\tugas_SEM4\pemrograman web 2\ourapp\system\CLI\Console.php(47): CodeIgniter\CLI\Commands->run()
#13 D:\tugas_SEM4\pemrograman web 2\ourapp\system\Boot.php(360): CodeIgniter\CLI\Console->run()
#14 D:\tugas_SEM4\pemrograman web 2\ourapp\system\Boot.php(104): CodeIgniter\Boot::runCommand()
#15 D:\tugas_SEM4\pemrograman web 2\ourapp\spark(87): CodeIgniter\Boot::bootSpark()
#16 {main}
ERROR - 2025-06-27 03:36:04 --> mysqli_sql_exception: Table 'categories' already exists in D:\tugas_SEM4\pemrograman web 2\ourapp\system\Database\MySQLi\Connection.php:327
Stack trace:
#0 D:\tugas_SEM4\pemrograman web 2\ourapp\system\Database\MySQLi\Connection.php(327): mysqli->query()
#1 D:\tugas_SEM4\pemrograman web 2\ourapp\system\Database\BaseConnection.php(738): CodeIgniter\Database\MySQLi\Connection->execute()
#2 D:\tugas_SEM4\pemrograman web 2\ourapp\system\Database\BaseConnection.php(652): CodeIgniter\Database\BaseConnection->simpleQuery()
#3 D:\tugas_SEM4\pemrograman web 2\ourapp\system\Database\Forge.php(570): CodeIgniter\Database\BaseConnection->query()
#4 D:\tugas_SEM4\pemrograman web 2\ourapp\app\Database\Migrations\2025-06-26-232133_CreateCategories.php(16): CodeIgniter\Database\Forge->createTable()
#5 D:\tugas_SEM4\pemrograman web 2\ourapp\system\Database\MigrationRunner.php(876): App\Database\Migrations\CreateCategories->up()
#6 D:\tugas_SEM4\pemrograman web 2\ourapp\system\Database\MigrationRunner.php(182): CodeIgniter\Database\MigrationRunner->migrate()
#7 D:\tugas_SEM4\pemrograman web 2\ourapp\system\Commands\Database\Migrate.php(85): CodeIgniter\Database\MigrationRunner->latest()
#8 D:\tugas_SEM4\pemrograman web 2\ourapp\system\CLI\Commands.php(74): CodeIgniter\Commands\Database\Migrate->run()
#9 D:\tugas_SEM4\pemrograman web 2\ourapp\system\CLI\Console.php(47): CodeIgniter\CLI\Commands->run()
#10 D:\tugas_SEM4\pemrograman web 2\ourapp\system\Boot.php(360): CodeIgniter\CLI\Console->run()
#11 D:\tugas_SEM4\pemrograman web 2\ourapp\system\Boot.php(104): CodeIgniter\Boot::runCommand()
#12 D:\tugas_SEM4\pemrograman web 2\ourapp\spark(87): CodeIgniter\Boot::bootSpark()
#13 {main}
ERROR - 2025-06-27 03:38:01 --> mysqli_sql_exception: Table 'categories' already exists in D:\tugas_SEM4\pemrograman web 2\ourapp\system\Database\MySQLi\Connection.php:327
Stack trace:
#0 D:\tugas_SEM4\pemrograman web 2\ourapp\system\Database\MySQLi\Connection.php(327): mysqli->query()
#1 D:\tugas_SEM4\pemrograman web 2\ourapp\system\Database\BaseConnection.php(738): CodeIgniter\Database\MySQLi\Connection->execute()
#2 D:\tugas_SEM4\pemrograman web 2\ourapp\system\Database\BaseConnection.php(652): CodeIgniter\Database\BaseConnection->simpleQuery()
#3 D:\tugas_SEM4\pemrograman web 2\ourapp\system\Database\Forge.php(570): CodeIgniter\Database\BaseConnection->query()
#4 D:\tugas_SEM4\pemrograman web 2\ourapp\app\Database\Migrations\2025-06-26-232133_CreateCategories.php(16): CodeIgniter\Database\Forge->createTable()
#5 D:\tugas_SEM4\pemrograman web 2\ourapp\system\Database\MigrationRunner.php(876): App\Database\Migrations\CreateCategories->up()
#6 D:\tugas_SEM4\pemrograman web 2\ourapp\system\Database\MigrationRunner.php(182): CodeIgniter\Database\MigrationRunner->migrate()
#7 D:\tugas_SEM4\pemrograman web 2\ourapp\system\Commands\Database\Migrate.php(85): CodeIgniter\Database\MigrationRunner->latest()
#8 D:\tugas_SEM4\pemrograman web 2\ourapp\system\CLI\Commands.php(74): CodeIgniter\Commands\Database\Migrate->run()
#9 D:\tugas_SEM4\pemrograman web 2\ourapp\system\CLI\BaseCommand.php(119): CodeIgniter\CLI\Commands->run()
#10 D:\tugas_SEM4\pemrograman web 2\ourapp\system\Commands\Database\MigrateRefresh.php(87): CodeIgniter\CLI\BaseCommand->call()
#11 D:\tugas_SEM4\pemrograman web 2\ourapp\system\CLI\Commands.php(74): CodeIgniter\Commands\Database\MigrateRefresh->run()
#12 D:\tugas_SEM4\pemrograman web 2\ourapp\system\CLI\Console.php(47): CodeIgniter\CLI\Commands->run()
#13 D:\tugas_SEM4\pemrograman web 2\ourapp\system\Boot.php(360): CodeIgniter\CLI\Console->run()
#14 D:\tugas_SEM4\pemrograman web 2\ourapp\system\Boot.php(104): CodeIgniter\Boot::runCommand()
#15 D:\tugas_SEM4\pemrograman web 2\ourapp\spark(87): CodeIgniter\Boot::bootSpark()
#16 {main}
ERROR - 2025-06-27 03:38:37 --> mysqli_sql_exception: Can't create table `ourapp`.`tasks` (errno: 150 "Foreign key constraint is incorrectly formed") in D:\tugas_SEM4\pemrograman web 2\ourapp\system\Database\MySQLi\Connection.php:327
Stack trace:
#0 D:\tugas_SEM4\pemrograman web 2\ourapp\system\Database\MySQLi\Connection.php(327): mysqli->query()
#1 D:\tugas_SEM4\pemrograman web 2\ourapp\system\Database\BaseConnection.php(738): CodeIgniter\Database\MySQLi\Connection->execute()
#2 D:\tugas_SEM4\pemrograman web 2\ourapp\system\Database\BaseConnection.php(652): CodeIgniter\Database\BaseConnection->simpleQuery()
#3 D:\tugas_SEM4\pemrograman web 2\ourapp\system\Database\Forge.php(570): CodeIgniter\Database\BaseConnection->query()
#4 D:\tugas_SEM4\pemrograman web 2\ourapp\app\Database\Migrations\2025-06-26-232140_CreateTasks.php(24): CodeIgniter\Database\Forge->createTable()
#5 D:\tugas_SEM4\pemrograman web 2\ourapp\system\Database\MigrationRunner.php(876): App\Database\Migrations\CreateTasks->up()
#6 D:\tugas_SEM4\pemrograman web 2\ourapp\system\Database\MigrationRunner.php(182): CodeIgniter\Database\MigrationRunner->migrate()
#7 D:\tugas_SEM4\pemrograman web 2\ourapp\system\Commands\Database\Migrate.php(85): CodeIgniter\Database\MigrationRunner->latest()
#8 D:\tugas_SEM4\pemrograman web 2\ourapp\system\CLI\Commands.php(74): CodeIgniter\Commands\Database\Migrate->run()
#9 D:\tugas_SEM4\pemrograman web 2\ourapp\system\CLI\Console.php(47): CodeIgniter\CLI\Commands->run()
#10 D:\tugas_SEM4\pemrograman web 2\ourapp\system\Boot.php(360): CodeIgniter\CLI\Console->run()
#11 D:\tugas_SEM4\pemrograman web 2\ourapp\system\Boot.php(104): CodeIgniter\Boot::runCommand()
#12 D:\tugas_SEM4\pemrograman web 2\ourapp\spark(87): CodeIgniter\Boot::bootSpark()
#13 {main}
ERROR - 2025-06-27 03:44:07 --> mysqli_sql_exception: Unknown table 'ourapp.categories' in D:\tugas_SEM4\pemrograman web 2\ourapp\system\Database\MySQLi\Connection.php:327
Stack trace:
#0 D:\tugas_SEM4\pemrograman web 2\ourapp\system\Database\MySQLi\Connection.php(327): mysqli->query()
#1 D:\tugas_SEM4\pemrograman web 2\ourapp\system\Database\BaseConnection.php(738): CodeIgniter\Database\MySQLi\Connection->execute()
#2 D:\tugas_SEM4\pemrograman web 2\ourapp\system\Database\BaseConnection.php(652): CodeIgniter\Database\BaseConnection->simpleQuery()
#3 D:\tugas_SEM4\pemrograman web 2\ourapp\system\Database\Forge.php(663): CodeIgniter\Database\BaseConnection->query()
#4 D:\tugas_SEM4\pemrograman web 2\ourapp\app\Database\Migrations\2025-06-26-232133_CreateCategories.php(20): CodeIgniter\Database\Forge->dropTable()
#5 D:\tugas_SEM4\pemrograman web 2\ourapp\system\Database\MigrationRunner.php(876): App\Database\Migrations\CreateCategories->down()
#6 D:\tugas_SEM4\pemrograman web 2\ourapp\system\Database\MigrationRunner.php(289): CodeIgniter\Database\MigrationRunner->migrate()
#7 D:\tugas_SEM4\pemrograman web 2\ourapp\system\Commands\Database\MigrateRollback.php(101): CodeIgniter\Database\MigrationRunner->regress()
#8 D:\tugas_SEM4\pemrograman web 2\ourapp\system\CLI\Commands.php(74): CodeIgniter\Commands\Database\MigrateRollback->run()
#9 D:\tugas_SEM4\pemrograman web 2\ourapp\system\CLI\BaseCommand.php(119): CodeIgniter\CLI\Commands->run()
#10 D:\tugas_SEM4\pemrograman web 2\ourapp\system\Commands\Database\MigrateRefresh.php(86): CodeIgniter\CLI\BaseCommand->call()
#11 D:\tugas_SEM4\pemrograman web 2\ourapp\system\CLI\Commands.php(74): CodeIgniter\Commands\Database\MigrateRefresh->run()
#12 D:\tugas_SEM4\pemrograman web 2\ourapp\system\CLI\Console.php(47): CodeIgniter\CLI\Commands->run()
#13 D:\tugas_SEM4\pemrograman web 2\ourapp\system\Boot.php(360): CodeIgniter\CLI\Console->run()
#14 D:\tugas_SEM4\pemrograman web 2\ourapp\system\Boot.php(104): CodeIgniter\Boot::runCommand()
#15 D:\tugas_SEM4\pemrograman web 2\ourapp\spark(87): CodeIgniter\Boot::bootSpark()
#16 {main}
ERROR - 2025-06-27 03:44:07 --> mysqli_sql_exception: Can't create table `ourapp`.`tasks` (errno: 150 "Foreign key constraint is incorrectly formed") in D:\tugas_SEM4\pemrograman web 2\ourapp\system\Database\MySQLi\Connection.php:327
Stack trace:
#0 D:\tugas_SEM4\pemrograman web 2\ourapp\system\Database\MySQLi\Connection.php(327): mysqli->query()
#1 D:\tugas_SEM4\pemrograman web 2\ourapp\system\Database\BaseConnection.php(738): CodeIgniter\Database\MySQLi\Connection->execute()
#2 D:\tugas_SEM4\pemrograman web 2\ourapp\system\Database\BaseConnection.php(652): CodeIgniter\Database\BaseConnection->simpleQuery()
#3 D:\tugas_SEM4\pemrograman web 2\ourapp\system\Database\Forge.php(570): CodeIgniter\Database\BaseConnection->query()
#4 D:\tugas_SEM4\pemrograman web 2\ourapp\app\Database\Migrations\2025-06-26-232140_CreateTasks.php(24): CodeIgniter\Database\Forge->createTable()
#5 D:\tugas_SEM4\pemrograman web 2\ourapp\system\Database\MigrationRunner.php(876): App\Database\Migrations\CreateTasks->up()
#6 D:\tugas_SEM4\pemrograman web 2\ourapp\system\Database\MigrationRunner.php(182): CodeIgniter\Database\MigrationRunner->migrate()
#7 D:\tugas_SEM4\pemrograman web 2\ourapp\system\Commands\Database\Migrate.php(85): CodeIgniter\Database\MigrationRunner->latest()
#8 D:\tugas_SEM4\pemrograman web 2\ourapp\system\CLI\Commands.php(74): CodeIgniter\Commands\Database\Migrate->run()
#9 D:\tugas_SEM4\pemrograman web 2\ourapp\system\CLI\BaseCommand.php(119): CodeIgniter\CLI\Commands->run()
#10 D:\tugas_SEM4\pemrograman web 2\ourapp\system\Commands\Database\MigrateRefresh.php(87): CodeIgniter\CLI\BaseCommand->call()
#11 D:\tugas_SEM4\pemrograman web 2\ourapp\system\CLI\Commands.php(74): CodeIgniter\Commands\Database\MigrateRefresh->run()
#12 D:\tugas_SEM4\pemrograman web 2\ourapp\system\CLI\Console.php(47): CodeIgniter\CLI\Commands->run()
#13 D:\tugas_SEM4\pemrograman web 2\ourapp\system\Boot.php(360): CodeIgniter\CLI\Console->run()
#14 D:\tugas_SEM4\pemrograman web 2\ourapp\system\Boot.php(104): CodeIgniter\Boot::runCommand()
#15 D:\tugas_SEM4\pemrograman web 2\ourapp\spark(87): CodeIgniter\Boot::bootSpark()
#16 {main}
ERROR - 2025-06-27 03:44:11 --> mysqli_sql_exception: Can't create table `ourapp`.`tasks` (errno: 150 "Foreign key constraint is incorrectly formed") in D:\tugas_SEM4\pemrograman web 2\ourapp\system\Database\MySQLi\Connection.php:327
Stack trace:
#0 D:\tugas_SEM4\pemrograman web 2\ourapp\system\Database\MySQLi\Connection.php(327): mysqli->query()
#1 D:\tugas_SEM4\pemrograman web 2\ourapp\system\Database\BaseConnection.php(738): CodeIgniter\Database\MySQLi\Connection->execute()
#2 D:\tugas_SEM4\pemrograman web 2\ourapp\system\Database\BaseConnection.php(652): CodeIgniter\Database\BaseConnection->simpleQuery()
#3 D:\tugas_SEM4\pemrograman web 2\ourapp\system\Database\Forge.php(570): CodeIgniter\Database\BaseConnection->query()
#4 D:\tugas_SEM4\pemrograman web 2\ourapp\app\Database\Migrations\2025-06-26-232140_CreateTasks.php(24): CodeIgniter\Database\Forge->createTable()
#5 D:\tugas_SEM4\pemrograman web 2\ourapp\system\Database\MigrationRunner.php(876): App\Database\Migrations\CreateTasks->up()
#6 D:\tugas_SEM4\pemrograman web 2\ourapp\system\Database\MigrationRunner.php(182): CodeIgniter\Database\MigrationRunner->migrate()
#7 D:\tugas_SEM4\pemrograman web 2\ourapp\system\Commands\Database\Migrate.php(85): CodeIgniter\Database\MigrationRunner->latest()
#8 D:\tugas_SEM4\pemrograman web 2\ourapp\system\CLI\Commands.php(74): CodeIgniter\Commands\Database\Migrate->run()
#9 D:\tugas_SEM4\pemrograman web 2\ourapp\system\CLI\Console.php(47): CodeIgniter\CLI\Commands->run()
#10 D:\tugas_SEM4\pemrograman web 2\ourapp\system\Boot.php(360): CodeIgniter\CLI\Console->run()
#11 D:\tugas_SEM4\pemrograman web 2\ourapp\system\Boot.php(104): CodeIgniter\Boot::runCommand()
#12 D:\tugas_SEM4\pemrograman web 2\ourapp\spark(87): CodeIgniter\Boot::bootSpark()
#13 {main}
ERROR - 2025-06-27 03:48:34 --> mysqli_sql_exception: Unknown table 'ourapp.categories' in D:\tugas_SEM4\pemrograman web 2\ourapp\system\Database\MySQLi\Connection.php:327
Stack trace:
#0 D:\tugas_SEM4\pemrograman web 2\ourapp\system\Database\MySQLi\Connection.php(327): mysqli->query()
#1 D:\tugas_SEM4\pemrograman web 2\ourapp\system\Database\BaseConnection.php(738): CodeIgniter\Database\MySQLi\Connection->execute()
#2 D:\tugas_SEM4\pemrograman web 2\ourapp\system\Database\BaseConnection.php(652): CodeIgniter\Database\BaseConnection->simpleQuery()
#3 D:\tugas_SEM4\pemrograman web 2\ourapp\system\Database\Forge.php(663): CodeIgniter\Database\BaseConnection->query()
#4 D:\tugas_SEM4\pemrograman web 2\ourapp\app\Database\Migrations\2025-06-26-232133_CreateCategories.php(20): CodeIgniter\Database\Forge->dropTable()
#5 D:\tugas_SEM4\pemrograman web 2\ourapp\system\Database\MigrationRunner.php(876): App\Database\Migrations\CreateCategories->down()
#6 D:\tugas_SEM4\pemrograman web 2\ourapp\system\Database\MigrationRunner.php(289): CodeIgniter\Database\MigrationRunner->migrate()
#7 D:\tugas_SEM4\pemrograman web 2\ourapp\system\Commands\Database\MigrateRollback.php(101): CodeIgniter\Database\MigrationRunner->regress()
#8 D:\tugas_SEM4\pemrograman web 2\ourapp\system\CLI\Commands.php(74): CodeIgniter\Commands\Database\MigrateRollback->run()
#9 D:\tugas_SEM4\pemrograman web 2\ourapp\system\CLI\BaseCommand.php(119): CodeIgniter\CLI\Commands->run()
#10 D:\tugas_SEM4\pemrograman web 2\ourapp\system\Commands\Database\MigrateRefresh.php(86): CodeIgniter\CLI\BaseCommand->call()
#11 D:\tugas_SEM4\pemrograman web 2\ourapp\system\CLI\Commands.php(74): CodeIgniter\Commands\Database\MigrateRefresh->run()
#12 D:\tugas_SEM4\pemrograman web 2\ourapp\system\CLI\Console.php(47): CodeIgniter\CLI\Commands->run()
#13 D:\tugas_SEM4\pemrograman web 2\ourapp\system\Boot.php(360): CodeIgniter\CLI\Console->run()
#14 D:\tugas_SEM4\pemrograman web 2\ourapp\system\Boot.php(104): CodeIgniter\Boot::runCommand()
#15 D:\tugas_SEM4\pemrograman web 2\ourapp\spark(87): CodeIgniter\Boot::bootSpark()
#16 {main}
ERROR - 2025-06-27 03:49:05 --> mysqli_sql_exception: Unknown table 'ourapp.tasks' in D:\tugas_SEM4\pemrograman web 2\ourapp\system\Database\MySQLi\Connection.php:327
Stack trace:
#0 D:\tugas_SEM4\pemrograman web 2\ourapp\system\Database\MySQLi\Connection.php(327): mysqli->query()
#1 D:\tugas_SEM4\pemrograman web 2\ourapp\system\Database\BaseConnection.php(738): CodeIgniter\Database\MySQLi\Connection->execute()
#2 D:\tugas_SEM4\pemrograman web 2\ourapp\system\Database\BaseConnection.php(652): CodeIgniter\Database\BaseConnection->simpleQuery()
#3 D:\tugas_SEM4\pemrograman web 2\ourapp\system\Database\Forge.php(663): CodeIgniter\Database\BaseConnection->query()
#4 D:\tugas_SEM4\pemrograman web 2\ourapp\app\Database\Migrations\2025-06-26-232140_CreateTasks.php(28): CodeIgniter\Database\Forge->dropTable()
#5 D:\tugas_SEM4\pemrograman web 2\ourapp\system\Database\MigrationRunner.php(876): App\Database\Migrations\CreateTasks->down()
#6 D:\tugas_SEM4\pemrograman web 2\ourapp\system\Database\MigrationRunner.php(289): CodeIgniter\Database\MigrationRunner->migrate()
#7 D:\tugas_SEM4\pemrograman web 2\ourapp\system\Commands\Database\MigrateRollback.php(101): CodeIgniter\Database\MigrationRunner->regress()
#8 D:\tugas_SEM4\pemrograman web 2\ourapp\system\CLI\Commands.php(74): CodeIgniter\Commands\Database\MigrateRollback->run()
#9 D:\tugas_SEM4\pemrograman web 2\ourapp\system\CLI\BaseCommand.php(119): CodeIgniter\CLI\Commands->run()
#10 D:\tugas_SEM4\pemrograman web 2\ourapp\system\Commands\Database\MigrateRefresh.php(86): CodeIgniter\CLI\BaseCommand->call()
#11 D:\tugas_SEM4\pemrograman web 2\ourapp\system\CLI\Commands.php(74): CodeIgniter\Commands\Database\MigrateRefresh->run()
#12 D:\tugas_SEM4\pemrograman web 2\ourapp\system\CLI\Console.php(47): CodeIgniter\CLI\Commands->run()
#13 D:\tugas_SEM4\pemrograman web 2\ourapp\system\Boot.php(360): CodeIgniter\CLI\Console->run()
#14 D:\tugas_SEM4\pemrograman web 2\ourapp\system\Boot.php(104): CodeIgniter\Boot::runCommand()
#15 D:\tugas_SEM4\pemrograman web 2\ourapp\spark(87): CodeIgniter\Boot::bootSpark()
#16 {main}
DEBUG - 2025-06-27 04:16:52 --> Session: Class initialized using 'CodeIgniter\Session\Handlers\FileHandler' driver.
CRITICAL - 2025-06-27 04:18:47 --> CodeIgniter\View\Exceptions\ViewException: Invalid file: "homepage.php"
[Method: GET, Route: /]
in SYSTEMPATH\Exceptions\FrameworkException.php on line 39.
 1 SYSTEMPATH\View\View.php(212): CodeIgniter\Exceptions\FrameworkException::forInvalidFile()
 2 SYSTEMPATH\Common.php(1173): CodeIgniter\View\View->render()
 3 APPPATH\Controllers\Home.php(9): view()
 4 SYSTEMPATH\CodeIgniter.php(933): App\Controllers\Home->index()
 5 SYSTEMPATH\CodeIgniter.php(507): CodeIgniter\CodeIgniter->runController()
 6 SYSTEMPATH\CodeIgniter.php(354): CodeIgniter\CodeIgniter->handleRequest()
 7 SYSTEMPATH\Boot.php(334): CodeIgniter\CodeIgniter->run()
 8 SYSTEMPATH\Boot.php(67): CodeIgniter\Boot::runCodeIgniter()
 9 FCPATH\index.php(59): CodeIgniter\Boot::bootWeb()
10 SYSTEMPATH\rewrite.php(44): require_once('D:\\tugas_SEM4\\pemrograman web 2\\ourapp\\public\\index.php')
CRITICAL - 2025-06-27 04:19:05 --> CodeIgniter\View\Exceptions\ViewException: Invalid file: "homepage.php"
[Method: GET, Route: /]
in SYSTEMPATH\Exceptions\FrameworkException.php on line 39.
 1 SYSTEMPATH\View\View.php(212): CodeIgniter\Exceptions\FrameworkException::forInvalidFile()
 2 SYSTEMPATH\Common.php(1173): CodeIgniter\View\View->render()
 3 APPPATH\Controllers\Home.php(9): view()
 4 SYSTEMPATH\CodeIgniter.php(933): App\Controllers\Home->index()
 5 SYSTEMPATH\CodeIgniter.php(507): CodeIgniter\CodeIgniter->runController()
 6 SYSTEMPATH\CodeIgniter.php(354): CodeIgniter\CodeIgniter->handleRequest()
 7 SYSTEMPATH\Boot.php(334): CodeIgniter\CodeIgniter->run()
 8 SYSTEMPATH\Boot.php(67): CodeIgniter\Boot::runCodeIgniter()
 9 FCPATH\index.php(59): CodeIgniter\Boot::bootWeb()
10 SYSTEMPATH\rewrite.php(44): require_once('D:\\tugas_SEM4\\pemrograman web 2\\ourapp\\public\\index.php')
CRITICAL - 2025-06-27 04:20:09 --> CodeIgniter\View\Exceptions\ViewException: Invalid file: "homepage.php"
[Method: GET, Route: /]
in SYSTEMPATH\Exceptions\FrameworkException.php on line 39.
 1 SYSTEMPATH\View\View.php(212): CodeIgniter\Exceptions\FrameworkException::forInvalidFile()
 2 SYSTEMPATH\Common.php(1173): CodeIgniter\View\View->render()
 3 APPPATH\Controllers\Home.php(9): view()
 4 SYSTEMPATH\CodeIgniter.php(933): App\Controllers\Home->index()
 5 SYSTEMPATH\CodeIgniter.php(507): CodeIgniter\CodeIgniter->runController()
 6 SYSTEMPATH\CodeIgniter.php(354): CodeIgniter\CodeIgniter->handleRequest()
 7 SYSTEMPATH\Boot.php(334): CodeIgniter\CodeIgniter->run()
 8 SYSTEMPATH\Boot.php(67): CodeIgniter\Boot::runCodeIgniter()
 9 FCPATH\index.php(59): CodeIgniter\Boot::bootWeb()
10 SYSTEMPATH\rewrite.php(44): require_once('D:\\tugas_SEM4\\pemrograman web 2\\ourapp\\public\\index.php')
CRITICAL - 2025-06-27 04:20:10 --> CodeIgniter\View\Exceptions\ViewException: Invalid file: "homepage.php"
[Method: GET, Route: /]
in SYSTEMPATH\Exceptions\FrameworkException.php on line 39.
 1 SYSTEMPATH\View\View.php(212): CodeIgniter\Exceptions\FrameworkException::forInvalidFile()
 2 SYSTEMPATH\Common.php(1173): CodeIgniter\View\View->render()
 3 APPPATH\Controllers\Home.php(9): view()
 4 SYSTEMPATH\CodeIgniter.php(933): App\Controllers\Home->index()
 5 SYSTEMPATH\CodeIgniter.php(507): CodeIgniter\CodeIgniter->runController()
 6 SYSTEMPATH\CodeIgniter.php(354): CodeIgniter\CodeIgniter->handleRequest()
 7 SYSTEMPATH\Boot.php(334): CodeIgniter\CodeIgniter->run()
 8 SYSTEMPATH\Boot.php(67): CodeIgniter\Boot::runCodeIgniter()
 9 FCPATH\index.php(59): CodeIgniter\Boot::bootWeb()
10 SYSTEMPATH\rewrite.php(44): require_once('D:\\tugas_SEM4\\pemrograman web 2\\ourapp\\public\\index.php')
CRITICAL - 2025-06-27 04:20:21 --> CodeIgniter\View\Exceptions\ViewException: Invalid file: "homepage.php"
[Method: GET, Route: /]
in SYSTEMPATH\Exceptions\FrameworkException.php on line 39.
 1 SYSTEMPATH\View\View.php(212): CodeIgniter\Exceptions\FrameworkException::forInvalidFile()
 2 SYSTEMPATH\Common.php(1173): CodeIgniter\View\View->render()
 3 APPPATH\Controllers\Home.php(9): view()
 4 SYSTEMPATH\CodeIgniter.php(933): App\Controllers\Home->index()
 5 SYSTEMPATH\CodeIgniter.php(507): CodeIgniter\CodeIgniter->runController()
 6 SYSTEMPATH\CodeIgniter.php(354): CodeIgniter\CodeIgniter->handleRequest()
 7 SYSTEMPATH\Boot.php(334): CodeIgniter\CodeIgniter->run()
 8 SYSTEMPATH\Boot.php(67): CodeIgniter\Boot::runCodeIgniter()
 9 FCPATH\index.php(59): CodeIgniter\Boot::bootWeb()
10 SYSTEMPATH\rewrite.php(44): require_once('D:\\tugas_SEM4\\pemrograman web 2\\ourapp\\public\\index.php')
CRITICAL - 2025-06-27 04:49:47 --> CodeIgniter\View\Exceptions\ViewException: Invalid file: "homepage.php"
[Method: GET, Route: /]
in SYSTEMPATH\Exceptions\FrameworkException.php on line 39.
 1 SYSTEMPATH\View\View.php(212): CodeIgniter\Exceptions\FrameworkException::forInvalidFile()
 2 SYSTEMPATH\Common.php(1173): CodeIgniter\View\View->render()
 3 APPPATH\Controllers\Home.php(9): view()
 4 SYSTEMPATH\CodeIgniter.php(933): App\Controllers\Home->index()
 5 SYSTEMPATH\CodeIgniter.php(507): CodeIgniter\CodeIgniter->runController()
 6 SYSTEMPATH\CodeIgniter.php(354): CodeIgniter\CodeIgniter->handleRequest()
 7 SYSTEMPATH\Boot.php(334): CodeIgniter\CodeIgniter->run()
 8 SYSTEMPATH\Boot.php(67): CodeIgniter\Boot::runCodeIgniter()
 9 FCPATH\index.php(59): CodeIgniter\Boot::bootWeb()
10 SYSTEMPATH\rewrite.php(44): require_once('D:\\tugas_SEM4\\pemrograman web 2\\ourapp\\public\\index.php')
CRITICAL - 2025-06-27 04:49:49 --> CodeIgniter\View\Exceptions\ViewException: Invalid file: "homepage.php"
[Method: GET, Route: /]
in SYSTEMPATH\Exceptions\FrameworkException.php on line 39.
 1 SYSTEMPATH\View\View.php(212): CodeIgniter\Exceptions\FrameworkException::forInvalidFile()
 2 SYSTEMPATH\Common.php(1173): CodeIgniter\View\View->render()
 3 APPPATH\Controllers\Home.php(9): view()
 4 SYSTEMPATH\CodeIgniter.php(933): App\Controllers\Home->index()
 5 SYSTEMPATH\CodeIgniter.php(507): CodeIgniter\CodeIgniter->runController()
 6 SYSTEMPATH\CodeIgniter.php(354): CodeIgniter\CodeIgniter->handleRequest()
 7 SYSTEMPATH\Boot.php(334): CodeIgniter\CodeIgniter->run()
 8 SYSTEMPATH\Boot.php(67): CodeIgniter\Boot::runCodeIgniter()
 9 FCPATH\index.php(59): CodeIgniter\Boot::bootWeb()
10 SYSTEMPATH\rewrite.php(44): require_once('D:\\tugas_SEM4\\pemrograman web 2\\ourapp\\public\\index.php')
CRITICAL - 2025-06-27 04:49:50 --> CodeIgniter\View\Exceptions\ViewException: Invalid file: "homepage.php"
[Method: GET, Route: /]
in SYSTEMPATH\Exceptions\FrameworkException.php on line 39.
 1 SYSTEMPATH\View\View.php(212): CodeIgniter\Exceptions\FrameworkException::forInvalidFile()
 2 SYSTEMPATH\Common.php(1173): CodeIgniter\View\View->render()
 3 APPPATH\Controllers\Home.php(9): view()
 4 SYSTEMPATH\CodeIgniter.php(933): App\Controllers\Home->index()
 5 SYSTEMPATH\CodeIgniter.php(507): CodeIgniter\CodeIgniter->runController()
 6 SYSTEMPATH\CodeIgniter.php(354): CodeIgniter\CodeIgniter->handleRequest()
 7 SYSTEMPATH\Boot.php(334): CodeIgniter\CodeIgniter->run()
 8 SYSTEMPATH\Boot.php(67): CodeIgniter\Boot::runCodeIgniter()
 9 FCPATH\index.php(59): CodeIgniter\Boot::bootWeb()
10 SYSTEMPATH\rewrite.php(44): require_once('D:\\tugas_SEM4\\pemrograman web 2\\ourapp\\public\\index.php')
CRITICAL - 2025-06-27 04:51:39 --> CodeIgniter\View\Exceptions\ViewException: Invalid file: "auth/homepage.php"
[Method: GET, Route: /]
in SYSTEMPATH\Exceptions\FrameworkException.php on line 39.
 1 SYSTEMPATH\View\View.php(212): CodeIgniter\Exceptions\FrameworkException::forInvalidFile()
 2 SYSTEMPATH\Common.php(1173): CodeIgniter\View\View->render()
 3 APPPATH\Controllers\Home.php(9): view()
 4 SYSTEMPATH\CodeIgniter.php(933): App\Controllers\Home->index()
 5 SYSTEMPATH\CodeIgniter.php(507): CodeIgniter\CodeIgniter->runController()
 6 SYSTEMPATH\CodeIgniter.php(354): CodeIgniter\CodeIgniter->handleRequest()
 7 SYSTEMPATH\Boot.php(334): CodeIgniter\CodeIgniter->run()
 8 SYSTEMPATH\Boot.php(67): CodeIgniter\Boot::runCodeIgniter()
 9 FCPATH\index.php(59): CodeIgniter\Boot::bootWeb()
10 SYSTEMPATH\rewrite.php(44): require_once('D:\\tugas_SEM4\\pemrograman web 2\\ourapp\\public\\index.php')
DEBUG - 2025-06-27 04:54:59 --> Session: Class initialized using 'CodeIgniter\Session\Handlers\FileHandler' driver.
DEBUG - 2025-06-27 05:17:30 --> Session: Class initialized using 'CodeIgniter\Session\Handlers\FileHandler' driver.
DEBUG - 2025-06-27 05:22:19 --> Session: Class initialized using 'CodeIgniter\Session\Handlers\FileHandler' driver.
DEBUG - 2025-06-27 05:22:36 --> Session: Class initialized using 'CodeIgniter\Session\Handlers\FileHandler' driver.
DEBUG - 2025-06-27 05:22:38 --> Session: Class initialized using 'CodeIgniter\Session\Handlers\FileHandler' driver.
DEBUG - 2025-06-27 05:22:49 --> Session: Class initialized using 'CodeIgniter\Session\Handlers\FileHandler' driver.
DEBUG - 2025-06-27 05:23:09 --> Session: Class initialized using 'CodeIgniter\Session\Handlers\FileHandler' driver.
DEBUG - 2025-06-27 05:23:12 --> Session: Class initialized using 'CodeIgniter\Session\Handlers\FileHandler' driver.
DEBUG - 2025-06-27 05:25:26 --> Session: Class initialized using 'CodeIgniter\Session\Handlers\FileHandler' driver.
DEBUG - 2025-06-27 05:25:28 --> Session: Class initialized using 'CodeIgniter\Session\Handlers\FileHandler' driver.
DEBUG - 2025-06-27 05:27:55 --> Session: Class initialized using 'CodeIgniter\Session\Handlers\FileHandler' driver.
DEBUG - 2025-06-27 05:28:12 --> Session: Class initialized using 'CodeIgniter\Session\Handlers\FileHandler' driver.
DEBUG - 2025-06-27 05:28:30 --> Session: Class initialized using 'CodeIgniter\Session\Handlers\FileHandler' driver.
DEBUG - 2025-06-27 05:28:47 --> Session: Class initialized using 'CodeIgniter\Session\Handlers\FileHandler' driver.
DEBUG - 2025-06-27 05:28:52 --> Session: Class initialized using 'CodeIgniter\Session\Handlers\FileHandler' driver.
DEBUG - 2025-06-27 05:28:57 --> Session: Class initialized using 'CodeIgniter\Session\Handlers\FileHandler' driver.
DEBUG - 2025-06-27 05:29:09 --> Session: Class initialized using 'CodeIgniter\Session\Handlers\FileHandler' driver.
DEBUG - 2025-06-27 05:29:16 --> Session: Class initialized using 'CodeIgniter\Session\Handlers\FileHandler' driver.
DEBUG - 2025-06-27 05:29:17 --> Session: Class initialized using 'CodeIgniter\Session\Handlers\FileHandler' driver.
DEBUG - 2025-06-27 05:29:24 --> Session: Class initialized using 'CodeIgniter\Session\Handlers\FileHandler' driver.
DEBUG - 2025-06-27 05:29:30 --> Session: Class initialized using 'CodeIgniter\Session\Handlers\FileHandler' driver.
DEBUG - 2025-06-27 05:30:00 --> Session: Class initialized using 'CodeIgniter\Session\Handlers\FileHandler' driver.
DEBUG - 2025-06-27 05:30:02 --> Session: Class initialized using 'CodeIgniter\Session\Handlers\FileHandler' driver.
DEBUG - 2025-06-27 05:30:06 --> Session: Class initialized using 'CodeIgniter\Session\Handlers\FileHandler' driver.
DEBUG - 2025-06-27 05:31:15 --> Session: Class initialized using 'CodeIgniter\Session\Handlers\FileHandler' driver.
DEBUG - 2025-06-27 05:31:17 --> Session: Class initialized using 'CodeIgniter\Session\Handlers\FileHandler' driver.
DEBUG - 2025-06-27 05:31:21 --> Session: Class initialized using 'CodeIgniter\Session\Handlers\FileHandler' driver.
DEBUG - 2025-06-27 05:32:21 --> Session: Class initialized using 'CodeIgniter\Session\Handlers\FileHandler' driver.
DEBUG - 2025-06-27 05:32:23 --> Session: Class initialized using 'CodeIgniter\Session\Handlers\FileHandler' driver.
DEBUG - 2025-06-27 05:32:25 --> Session: Class initialized using 'CodeIgniter\Session\Handlers\FileHandler' driver.
DEBUG - 2025-06-27 05:33:16 --> Session: Class initialized using 'CodeIgniter\Session\Handlers\FileHandler' driver.
DEBUG - 2025-06-27 05:33:47 --> Session: Class initialized using 'CodeIgniter\Session\Handlers\FileHandler' driver.
DEBUG - 2025-06-27 05:33:48 --> Session: Class initialized using 'CodeIgniter\Session\Handlers\FileHandler' driver.
DEBUG - 2025-06-27 05:34:03 --> Session: Class initialized using 'CodeIgniter\Session\Handlers\FileHandler' driver.
DEBUG - 2025-06-27 05:34:06 --> Session: Class initialized using 'CodeIgniter\Session\Handlers\FileHandler' driver.
DEBUG - 2025-06-27 05:43:33 --> Session: Class initialized using 'CodeIgniter\Session\Handlers\FileHandler' driver.
DEBUG - 2025-06-27 05:44:24 --> Session: Class initialized using 'CodeIgniter\Session\Handlers\FileHandler' driver.
DEBUG - 2025-06-27 05:44:54 --> Session: Class initialized using 'CodeIgniter\Session\Handlers\FileHandler' driver.
DEBUG - 2025-06-27 05:45:33 --> Session: Class initialized using 'CodeIgniter\Session\Handlers\FileHandler' driver.
DEBUG - 2025-06-27 05:45:41 --> Session: Class initialized using 'CodeIgniter\Session\Handlers\FileHandler' driver.
DEBUG - 2025-06-27 05:45:42 --> Session: Class initialized using 'CodeIgniter\Session\Handlers\FileHandler' driver.
DEBUG - 2025-06-27 05:45:50 --> Session: Class initialized using 'CodeIgniter\Session\Handlers\FileHandler' driver.
DEBUG - 2025-06-27 05:57:32 --> Session: Class initialized using 'CodeIgniter\Session\Handlers\FileHandler' driver.
DEBUG - 2025-06-27 05:59:46 --> Session: Class initialized using 'CodeIgniter\Session\Handlers\FileHandler' driver.
DEBUG - 2025-06-27 06:00:58 --> Session: Class initialized using 'CodeIgniter\Session\Handlers\FileHandler' driver.
DEBUG - 2025-06-27 06:00:59 --> Session: Class initialized using 'CodeIgniter\Session\Handlers\FileHandler' driver.
DEBUG - 2025-06-27 06:01:00 --> Session: Class initialized using 'CodeIgniter\Session\Handlers\FileHandler' driver.
DEBUG - 2025-06-27 06:01:02 --> Session: Class initialized using 'CodeIgniter\Session\Handlers\FileHandler' driver.
DEBUG - 2025-06-27 06:02:26 --> Session: Class initialized using 'CodeIgniter\Session\Handlers\FileHandler' driver.
DEBUG - 2025-06-27 06:06:00 --> Session: Class initialized using 'CodeIgniter\Session\Handlers\FileHandler' driver.
DEBUG - 2025-06-27 06:06:01 --> Session: Class initialized using 'CodeIgniter\Session\Handlers\FileHandler' driver.
DEBUG - 2025-06-27 06:06:03 --> Session: Class initialized using 'CodeIgniter\Session\Handlers\FileHandler' driver.
DEBUG - 2025-06-27 06:06:13 --> Session: Class initialized using 'CodeIgniter\Session\Handlers\FileHandler' driver.
DEBUG - 2025-06-27 06:06:32 --> Session: Class initialized using 'CodeIgniter\Session\Handlers\FileHandler' driver.
DEBUG - 2025-06-27 06:06:35 --> Session: Class initialized using 'CodeIgniter\Session\Handlers\FileHandler' driver.
DEBUG - 2025-06-27 06:06:41 --> Session: Class initialized using 'CodeIgniter\Session\Handlers\FileHandler' driver.
DEBUG - 2025-06-27 06:07:06 --> Session: Class initialized using 'CodeIgniter\Session\Handlers\FileHandler' driver.
DEBUG - 2025-06-27 06:09:29 --> Session: Class initialized using 'CodeIgniter\Session\Handlers\FileHandler' driver.
DEBUG - 2025-06-27 06:09:39 --> Session: Class initialized using 'CodeIgniter\Session\Handlers\FileHandler' driver.
DEBUG - 2025-06-27 06:10:15 --> Session: Class initialized using 'CodeIgniter\Session\Handlers\FileHandler' driver.
DEBUG - 2025-06-27 06:10:20 --> Session: Class initialized using 'CodeIgniter\Session\Handlers\FileHandler' driver.
DEBUG - 2025-06-27 06:10:48 --> Session: Class initialized using 'CodeIgniter\Session\Handlers\FileHandler' driver.
DEBUG - 2025-06-27 06:10:57 --> Session: Class initialized using 'CodeIgniter\Session\Handlers\FileHandler' driver.
DEBUG - 2025-06-27 06:11:15 --> Session: Class initialized using 'CodeIgniter\Session\Handlers\FileHandler' driver.
DEBUG - 2025-06-27 06:11:19 --> Session: Class initialized using 'CodeIgniter\Session\Handlers\FileHandler' driver.
DEBUG - 2025-06-27 06:56:35 --> Session: Class initialized using 'CodeIgniter\Session\Handlers\FileHandler' driver.
DEBUG - 2025-06-27 06:56:37 --> Session: Class initialized using 'CodeIgniter\Session\Handlers\FileHandler' driver.
DEBUG - 2025-06-27 06:56:41 --> Session: Class initialized using 'CodeIgniter\Session\Handlers\FileHandler' driver.
DEBUG - 2025-06-27 06:57:12 --> Session: Class initialized using 'CodeIgniter\Session\Handlers\FileHandler' driver.
DEBUG - 2025-06-27 06:57:14 --> Session: Class initialized using 'CodeIgniter\Session\Handlers\FileHandler' driver.
DEBUG - 2025-06-27 06:57:32 --> Session: Class initialized using 'CodeIgniter\Session\Handlers\FileHandler' driver.
DEBUG - 2025-06-27 06:57:49 --> Session: Class initialized using 'CodeIgniter\Session\Handlers\FileHandler' driver.
DEBUG - 2025-06-27 06:57:52 --> Session: Class initialized using 'CodeIgniter\Session\Handlers\FileHandler' driver.
DEBUG - 2025-06-27 06:58:11 --> Session: Class initialized using 'CodeIgniter\Session\Handlers\FileHandler' driver.
DEBUG - 2025-06-27 06:58:13 --> Session: Class initialized using 'CodeIgniter\Session\Handlers\FileHandler' driver.
DEBUG - 2025-06-27 06:58:43 --> Session: Class initialized using 'CodeIgniter\Session\Handlers\FileHandler' driver.
DEBUG - 2025-06-27 06:58:47 --> Session: Class initialized using 'CodeIgniter\Session\Handlers\FileHandler' driver.
DEBUG - 2025-06-27 06:58:50 --> Session: Class initialized using 'CodeIgniter\Session\Handlers\FileHandler' driver.
DEBUG - 2025-06-27 06:58:51 --> Session: Class initialized using 'CodeIgniter\Session\Handlers\FileHandler' driver.
DEBUG - 2025-06-27 06:59:07 --> Session: Class initialized using 'CodeIgniter\Session\Handlers\FileHandler' driver.
DEBUG - 2025-06-27 06:59:07 --> Session: Class initialized using 'CodeIgniter\Session\Handlers\FileHandler' driver.
DEBUG - 2025-06-27 06:59:41 --> Session: Class initialized using 'CodeIgniter\Session\Handlers\FileHandler' driver.
DEBUG - 2025-06-27 07:04:48 --> Session: Class initialized using 'CodeIgniter\Session\Handlers\FileHandler' driver.
DEBUG - 2025-06-27 07:28:47 --> Session: Class initialized using 'CodeIgniter\Session\Handlers\FileHandler' driver.
CRITICAL - 2025-06-27 07:29:44 --> CodeIgniter\View\Exceptions\ViewException: Invalid file: "tasks/index.php"
[Method: GET, Route: tasks]
in SYSTEMPATH\Exceptions\FrameworkException.php on line 39.
 1 SYSTEMPATH\View\View.php(212): CodeIgniter\Exceptions\FrameworkException::forInvalidFile()
 2 SYSTEMPATH\Common.php(1173): CodeIgniter\View\View->render()
 3 APPPATH\Controllers\TaskController.php(27): view()
 4 SYSTEMPATH\CodeIgniter.php(933): App\Controllers\TaskController->index()
 5 SYSTEMPATH\CodeIgniter.php(507): CodeIgniter\CodeIgniter->runController()
 6 SYSTEMPATH\CodeIgniter.php(354): CodeIgniter\CodeIgniter->handleRequest()
 7 SYSTEMPATH\Boot.php(334): CodeIgniter\CodeIgniter->run()
 8 SYSTEMPATH\Boot.php(67): CodeIgniter\Boot::runCodeIgniter()
 9 FCPATH\index.php(59): CodeIgniter\Boot::bootWeb()
10 SYSTEMPATH\rewrite.php(44): require_once('D:\\tugas_SEM4\\pemrograman web 2\\ourapp\\public\\index.php')
DEBUG - 2025-06-27 07:48:22 --> Session: Class initialized using 'CodeIgniter\Session\Handlers\FileHandler' driver.
DEBUG - 2025-06-27 07:49:41 --> Session: Class initialized using 'CodeIgniter\Session\Handlers\FileHandler' driver.
CRITICAL - 2025-06-27 07:49:41 --> ErrorException: session_write_close(): Skipping numeric key 0
[Method: POST, Route: login/process]
in Unknown on line 0.
 1 [internal function]: CodeIgniter\Debug\Exceptions->errorHandler()
 2 [internal function]: session_write_close()
DEBUG - 2025-06-27 09:23:48 --> Session: Class initialized using 'CodeIgniter\Session\Handlers\FileHandler' driver.
DEBUG - 2025-06-27 09:23:49 --> Session: Class initialized using 'CodeIgniter\Session\Handlers\FileHandler' driver.
DEBUG - 2025-06-27 09:23:51 --> Session: Class initialized using 'CodeIgniter\Session\Handlers\FileHandler' driver.
DEBUG - 2025-06-27 09:24:03 --> Session: Class initialized using 'CodeIgniter\Session\Handlers\FileHandler' driver.
CRITICAL - 2025-06-27 09:24:04 --> CodeIgniter\View\Exceptions\ViewException: Invalid file: "tasks/index.php"
[Method: GET, Route: tasks]
in SYSTEMPATH\Exceptions\FrameworkException.php on line 39.
 1 SYSTEMPATH\View\View.php(212): CodeIgniter\Exceptions\FrameworkException::forInvalidFile()
 2 SYSTEMPATH\Common.php(1173): CodeIgniter\View\View->render()
 3 APPPATH\Controllers\TaskController.php(27): view()
 4 SYSTEMPATH\CodeIgniter.php(933): App\Controllers\TaskController->index()
 5 SYSTEMPATH\CodeIgniter.php(507): CodeIgniter\CodeIgniter->runController()
 6 SYSTEMPATH\CodeIgniter.php(354): CodeIgniter\CodeIgniter->handleRequest()
 7 SYSTEMPATH\Boot.php(334): CodeIgniter\CodeIgniter->run()
 8 SYSTEMPATH\Boot.php(67): CodeIgniter\Boot::runCodeIgniter()
 9 FCPATH\index.php(59): CodeIgniter\Boot::bootWeb()
10 SYSTEMPATH\rewrite.php(44): require_once('D:\\tugas_SEM4\\pemrograman web 2\\ourapp\\public\\index.php')
DEBUG - 2025-06-27 09:24:32 --> Session: Class initialized using 'CodeIgniter\Session\Handlers\FileHandler' driver.
DEBUG - 2025-06-27 09:28:39 --> Session: Class initialized using 'CodeIgniter\Session\Handlers\FileHandler' driver.
DEBUG - 2025-06-27 09:28:58 --> Session: Class initialized using 'CodeIgniter\Session\Handlers\FileHandler' driver.
DEBUG - 2025-06-27 09:29:14 --> Session: Class initialized using 'CodeIgniter\Session\Handlers\FileHandler' driver.
DEBUG - 2025-06-27 09:29:20 --> Session: Class initialized using 'CodeIgniter\Session\Handlers\FileHandler' driver.
DEBUG - 2025-06-27 09:29:22 --> Session: Class initialized using 'CodeIgniter\Session\Handlers\FileHandler' driver.
DEBUG - 2025-06-27 09:29:37 --> Session: Class initialized using 'CodeIgniter\Session\Handlers\FileHandler' driver.
DEBUG - 2025-06-27 09:29:40 --> Session: Class initialized using 'CodeIgniter\Session\Handlers\FileHandler' driver.
DEBUG - 2025-06-27 09:29:43 --> Session: Class initialized using 'CodeIgniter\Session\Handlers\FileHandler' driver.
DEBUG - 2025-06-27 09:36:02 --> Session: Class initialized using 'CodeIgniter\Session\Handlers\FileHandler' driver.
DEBUG - 2025-06-27 09:36:40 --> Session: Class initialized using 'CodeIgniter\Session\Handlers\FileHandler' driver.
DEBUG - 2025-06-27 09:43:24 --> Session: Class initialized using 'CodeIgniter\Session\Handlers\FileHandler' driver.
DEBUG - 2025-06-27 09:43:27 --> Session: Class initialized using 'CodeIgniter\Session\Handlers\FileHandler' driver.
DEBUG - 2025-06-27 09:47:04 --> Session: Class initialized using 'CodeIgniter\Session\Handlers\FileHandler' driver.
DEBUG - 2025-06-27 09:47:46 --> Session: Class initialized using 'CodeIgniter\Session\Handlers\FileHandler' driver.
DEBUG - 2025-06-27 09:49:22 --> Session: Class initialized using 'CodeIgniter\Session\Handlers\FileHandler' driver.
DEBUG - 2025-06-27 09:50:36 --> Session: Class initialized using 'CodeIgniter\Session\Handlers\FileHandler' driver.
DEBUG - 2025-06-27 09:51:10 --> Session: Class initialized using 'CodeIgniter\Session\Handlers\FileHandler' driver.
DEBUG - 2025-06-27 09:51:32 --> Session: Class initialized using 'CodeIgniter\Session\Handlers\FileHandler' driver.
DEBUG - 2025-06-27 09:51:38 --> Session: Class initialized using 'CodeIgniter\Session\Handlers\FileHandler' driver.
DEBUG - 2025-06-27 09:51:49 --> Session: Class initialized using 'CodeIgniter\Session\Handlers\FileHandler' driver.
DEBUG - 2025-06-27 09:52:01 --> Session: Class initialized using 'CodeIgniter\Session\Handlers\FileHandler' driver.
DEBUG - 2025-06-27 09:53:11 --> Session: Class initialized using 'CodeIgniter\Session\Handlers\FileHandler' driver.
DEBUG - 2025-06-27 09:53:22 --> Session: Class initialized using 'CodeIgniter\Session\Handlers\FileHandler' driver.
DEBUG - 2025-06-27 09:54:01 --> Session: Class initialized using 'CodeIgniter\Session\Handlers\FileHandler' driver.
DEBUG - 2025-06-27 09:54:08 --> Session: Class initialized using 'CodeIgniter\Session\Handlers\FileHandler' driver.
DEBUG - 2025-06-27 09:54:45 --> Session: Class initialized using 'CodeIgniter\Session\Handlers\FileHandler' driver.
DEBUG - 2025-06-27 10:04:53 --> Session: Class initialized using 'CodeIgniter\Session\Handlers\FileHandler' driver.
DEBUG - 2025-06-27 10:06:36 --> Session: Class initialized using 'CodeIgniter\Session\Handlers\FileHandler' driver.
DEBUG - 2025-06-27 10:07:01 --> Session: Class initialized using 'CodeIgniter\Session\Handlers\FileHandler' driver.
DEBUG - 2025-06-27 11:29:26 --> Session: Class initialized using 'CodeIgniter\Session\Handlers\FileHandler' driver.
DEBUG - 2025-06-27 11:29:47 --> Session: Class initialized using 'CodeIgniter\Session\Handlers\FileHandler' driver.
DEBUG - 2025-06-27 11:29:56 --> Session: Class initialized using 'CodeIgniter\Session\Handlers\FileHandler' driver.
DEBUG - 2025-06-27 11:33:03 --> Session: Class initialized using 'CodeIgniter\Session\Handlers\FileHandler' driver.
DEBUG - 2025-06-27 11:39:50 --> Session: Class initialized using 'CodeIgniter\Session\Handlers\FileHandler' driver.
DEBUG - 2025-06-27 11:44:30 --> Session: Class initialized using 'CodeIgniter\Session\Handlers\FileHandler' driver.
DEBUG - 2025-06-27 11:44:31 --> Session: Class initialized using 'CodeIgniter\Session\Handlers\FileHandler' driver.
DEBUG - 2025-06-27 11:44:32 --> Session: Class initialized using 'CodeIgniter\Session\Handlers\FileHandler' driver.
DEBUG - 2025-06-27 11:44:33 --> Session: Class initialized using 'CodeIgniter\Session\Handlers\FileHandler' driver.
DEBUG - 2025-06-27 11:48:48 --> Session: Class initialized using 'CodeIgniter\Session\Handlers\FileHandler' driver.
DEBUG - 2025-06-27 11:48:49 --> Session: Class initialized using 'CodeIgniter\Session\Handlers\FileHandler' driver.
DEBUG - 2025-06-27 11:49:06 --> Session: Class initialized using 'CodeIgniter\Session\Handlers\FileHandler' driver.
DEBUG - 2025-06-27 11:49:20 --> Session: Class initialized using 'CodeIgniter\Session\Handlers\FileHandler' driver.
DEBUG - 2025-06-27 11:49:20 --> Session: Class initialized using 'CodeIgniter\Session\Handlers\FileHandler' driver.
DEBUG - 2025-06-27 11:49:34 --> Session: Class initialized using 'CodeIgniter\Session\Handlers\FileHandler' driver.
DEBUG - 2025-06-27 11:49:35 --> Session: Class initialized using 'CodeIgniter\Session\Handlers\FileHandler' driver.
DEBUG - 2025-06-27 11:49:53 --> Session: Class initialized using 'CodeIgniter\Session\Handlers\FileHandler' driver.
DEBUG - 2025-06-27 11:49:54 --> Session: Class initialized using 'CodeIgniter\Session\Handlers\FileHandler' driver.
DEBUG - 2025-06-27 12:54:32 --> Session: Class initialized using 'CodeIgniter\Session\Handlers\FileHandler' driver.
DEBUG - 2025-06-27 12:54:35 --> Session: Class initialized using 'CodeIgniter\Session\Handlers\FileHandler' driver.
DEBUG - 2025-06-27 13:14:12 --> Session: Class initialized using 'CodeIgniter\Session\Handlers\FileHandler' driver.
DEBUG - 2025-06-27 13:14:14 --> Session: Class initialized using 'CodeIgniter\Session\Handlers\FileHandler' driver.
DEBUG - 2025-06-27 13:14:58 --> Session: Class initialized using 'CodeIgniter\Session\Handlers\FileHandler' driver.
DEBUG - 2025-06-27 13:36:59 --> Session: Class initialized using 'CodeIgniter\Session\Handlers\FileHandler' driver.
DEBUG - 2025-06-27 13:39:12 --> Session: Class initialized using 'CodeIgniter\Session\Handlers\FileHandler' driver.
DEBUG - 2025-06-27 13:40:28 --> Session: Class initialized using 'CodeIgniter\Session\Handlers\FileHandler' driver.
DEBUG - 2025-06-27 13:40:42 --> Session: Class initialized using 'CodeIgniter\Session\Handlers\FileHandler' driver.
DEBUG - 2025-06-27 13:40:51 --> Session: Class initialized using 'CodeIgniter\Session\Handlers\FileHandler' driver.
DEBUG - 2025-06-27 13:41:12 --> Session: Class initialized using 'CodeIgniter\Session\Handlers\FileHandler' driver.
DEBUG - 2025-06-27 13:41:46 --> Session: Class initialized using 'CodeIgniter\Session\Handlers\FileHandler' driver.
DEBUG - 2025-06-27 13:46:07 --> Session: Class initialized using 'CodeIgniter\Session\Handlers\FileHandler' driver.
DEBUG - 2025-06-27 13:47:27 --> Session: Class initialized using 'CodeIgniter\Session\Handlers\FileHandler' driver.
DEBUG - 2025-06-27 15:35:26 --> Session: Class initialized using 'CodeIgniter\Session\Handlers\FileHandler' driver.
CRITICAL - 2025-06-27 15:35:27 --> ErrorException: Undefined array key "id"
[Method: GET, Route: dashboard]
in APPPATH\Views\dashboard\index.php on line 63.
 1 APPPATH\Views\dashboard\index.php(63): CodeIgniter\Debug\Exceptions->errorHandler()
 2 SYSTEMPATH\View\View.php(224): include('D:\\tugas_SEM4\\pemrograman web 2\\ourapp\\app\\Views\\dashboard\\index.php')
 3 SYSTEMPATH\View\View.php(227): CodeIgniter\View\View->{closure:CodeIgniter\View\View::render():221}()
 4 SYSTEMPATH\Common.php(1173): CodeIgniter\View\View->render()
 5 APPPATH\Controllers\DashboardController.php(23): view()
 6 SYSTEMPATH\CodeIgniter.php(933): App\Controllers\DashboardController->index()
 7 SYSTEMPATH\CodeIgniter.php(507): CodeIgniter\CodeIgniter->runController()
 8 SYSTEMPATH\CodeIgniter.php(354): CodeIgniter\CodeIgniter->handleRequest()
 9 SYSTEMPATH\Boot.php(334): CodeIgniter\CodeIgniter->run()
10 SYSTEMPATH\Boot.php(67): CodeIgniter\Boot::runCodeIgniter()
11 FCPATH\index.php(59): CodeIgniter\Boot::bootWeb()
12 SYSTEMPATH\rewrite.php(44): require_once('D:\\tugas_SEM4\\pemrograman web 2\\ourapp\\public\\index.php')
DEBUG - 2025-06-27 15:42:11 --> Session: Class initialized using 'CodeIgniter\Session\Handlers\FileHandler' driver.
CRITICAL - 2025-06-27 15:42:11 --> CodeIgniter\View\Exceptions\ViewException: Invalid file: "dashboard.php"
[Method: GET, Route: dashboard]
in SYSTEMPATH\Exceptions\FrameworkException.php on line 39.
 1 SYSTEMPATH\View\View.php(212): CodeIgniter\Exceptions\FrameworkException::forInvalidFile()
 2 SYSTEMPATH\Common.php(1173): CodeIgniter\View\View->render()
 3 APPPATH\Controllers\DashboardController.php(23): view()
 4 SYSTEMPATH\CodeIgniter.php(933): App\Controllers\DashboardController->index()
 5 SYSTEMPATH\CodeIgniter.php(507): CodeIgniter\CodeIgniter->runController()
 6 SYSTEMPATH\CodeIgniter.php(354): CodeIgniter\CodeIgniter->handleRequest()
 7 SYSTEMPATH\Boot.php(334): CodeIgniter\CodeIgniter->run()
 8 SYSTEMPATH\Boot.php(67): CodeIgniter\Boot::runCodeIgniter()
 9 FCPATH\index.php(59): CodeIgniter\Boot::bootWeb()
10 SYSTEMPATH\rewrite.php(44): require_once('D:\\tugas_SEM4\\pemrograman web 2\\ourapp\\public\\index.php')
DEBUG - 2025-06-27 15:42:13 --> Session: Class initialized using 'CodeIgniter\Session\Handlers\FileHandler' driver.
CRITICAL - 2025-06-27 15:42:13 --> CodeIgniter\View\Exceptions\ViewException: Invalid file: "dashboard.php"
[Method: GET, Route: dashboard]
in SYSTEMPATH\Exceptions\FrameworkException.php on line 39.
 1 SYSTEMPATH\View\View.php(212): CodeIgniter\Exceptions\FrameworkException::forInvalidFile()
 2 SYSTEMPATH\Common.php(1173): CodeIgniter\View\View->render()
 3 APPPATH\Controllers\DashboardController.php(23): view()
 4 SYSTEMPATH\CodeIgniter.php(933): App\Controllers\DashboardController->index()
 5 SYSTEMPATH\CodeIgniter.php(507): CodeIgniter\CodeIgniter->runController()
 6 SYSTEMPATH\CodeIgniter.php(354): CodeIgniter\CodeIgniter->handleRequest()
 7 SYSTEMPATH\Boot.php(334): CodeIgniter\CodeIgniter->run()
 8 SYSTEMPATH\Boot.php(67): CodeIgniter\Boot::runCodeIgniter()
 9 FCPATH\index.php(59): CodeIgniter\Boot::bootWeb()
10 SYSTEMPATH\rewrite.php(44): require_once('D:\\tugas_SEM4\\pemrograman web 2\\ourapp\\public\\index.php')
DEBUG - 2025-06-27 15:47:30 --> Session: Class initialized using 'CodeIgniter\Session\Handlers\FileHandler' driver.
CRITICAL - 2025-06-27 15:47:30 --> ErrorException: Undefined array key "id"
[Method: GET, Route: dashboard]
in APPPATH\Views\dashboard\index.php on line 63.
 1 APPPATH\Views\dashboard\index.php(63): CodeIgniter\Debug\Exceptions->errorHandler()
 2 SYSTEMPATH\View\View.php(224): include('D:\\tugas_SEM4\\pemrograman web 2\\ourapp\\app\\Views\\dashboard\\index.php')
 3 SYSTEMPATH\View\View.php(227): CodeIgniter\View\View->{closure:CodeIgniter\View\View::render():221}()
 4 SYSTEMPATH\Common.php(1173): CodeIgniter\View\View->render()
 5 APPPATH\Controllers\DashboardController.php(23): view()
 6 SYSTEMPATH\CodeIgniter.php(933): App\Controllers\DashboardController->index()
 7 SYSTEMPATH\CodeIgniter.php(507): CodeIgniter\CodeIgniter->runController()
 8 SYSTEMPATH\CodeIgniter.php(354): CodeIgniter\CodeIgniter->handleRequest()
 9 SYSTEMPATH\Boot.php(334): CodeIgniter\CodeIgniter->run()
10 SYSTEMPATH\Boot.php(67): CodeIgniter\Boot::runCodeIgniter()
11 FCPATH\index.php(59): CodeIgniter\Boot::bootWeb()
12 SYSTEMPATH\rewrite.php(44): require_once('D:\\tugas_SEM4\\pemrograman web 2\\ourapp\\public\\index.php')
DEBUG - 2025-06-27 15:52:23 --> Session: Class initialized using 'CodeIgniter\Session\Handlers\FileHandler' driver.
DEBUG - 2025-06-27 15:52:28 --> Session: Class initialized using 'CodeIgniter\Session\Handlers\FileHandler' driver.
DEBUG - 2025-06-27 15:52:29 --> Session: Class initialized using 'CodeIgniter\Session\Handlers\FileHandler' driver.
CRITICAL - 2025-06-27 15:52:29 --> ErrorException: Undefined array key "id"
[Method: GET, Route: dashboard]
in APPPATH\Views\dashboard\index.php on line 63.
 1 APPPATH\Views\dashboard\index.php(63): CodeIgniter\Debug\Exceptions->errorHandler()
 2 SYSTEMPATH\View\View.php(224): include('D:\\tugas_SEM4\\pemrograman web 2\\ourapp\\app\\Views\\dashboard\\index.php')
 3 SYSTEMPATH\View\View.php(227): CodeIgniter\View\View->{closure:CodeIgniter\View\View::render():221}()
 4 SYSTEMPATH\Common.php(1173): CodeIgniter\View\View->render()
 5 APPPATH\Controllers\DashboardController.php(23): view()
 6 SYSTEMPATH\CodeIgniter.php(933): App\Controllers\DashboardController->index()
 7 SYSTEMPATH\CodeIgniter.php(507): CodeIgniter\CodeIgniter->runController()
 8 SYSTEMPATH\CodeIgniter.php(354): CodeIgniter\CodeIgniter->handleRequest()
 9 SYSTEMPATH\Boot.php(334): CodeIgniter\CodeIgniter->run()
10 SYSTEMPATH\Boot.php(67): CodeIgniter\Boot::runCodeIgniter()
11 FCPATH\index.php(59): CodeIgniter\Boot::bootWeb()
12 SYSTEMPATH\rewrite.php(44): require_once('D:\\tugas_SEM4\\pemrograman web 2\\ourapp\\public\\index.php')
DEBUG - 2025-06-27 15:53:04 --> Session: Class initialized using 'CodeIgniter\Session\Handlers\FileHandler' driver.
DEBUG - 2025-06-27 15:53:53 --> Session: Class initialized using 'CodeIgniter\Session\Handlers\FileHandler' driver.
DEBUG - 2025-06-27 15:53:53 --> Session: Class initialized using 'CodeIgniter\Session\Handlers\FileHandler' driver.
CRITICAL - 2025-06-27 15:53:53 --> ErrorException: Undefined array key "id"
[Method: GET, Route: dashboard]
in APPPATH\Views\dashboard\index.php on line 20.
 1 APPPATH\Views\dashboard\index.php(20): CodeIgniter\Debug\Exceptions->errorHandler()
 2 SYSTEMPATH\View\View.php(224): include('D:\\tugas_SEM4\\pemrograman web 2\\ourapp\\app\\Views\\dashboard\\index.php')
 3 SYSTEMPATH\View\View.php(227): CodeIgniter\View\View->{closure:CodeIgniter\View\View::render():221}()
 4 SYSTEMPATH\Common.php(1173): CodeIgniter\View\View->render()
 5 APPPATH\Controllers\DashboardController.php(23): view()
 6 SYSTEMPATH\CodeIgniter.php(933): App\Controllers\DashboardController->index()
 7 SYSTEMPATH\CodeIgniter.php(507): CodeIgniter\CodeIgniter->runController()
 8 SYSTEMPATH\CodeIgniter.php(354): CodeIgniter\CodeIgniter->handleRequest()
 9 SYSTEMPATH\Boot.php(334): CodeIgniter\CodeIgniter->run()
10 SYSTEMPATH\Boot.php(67): CodeIgniter\Boot::runCodeIgniter()
11 FCPATH\index.php(59): CodeIgniter\Boot::bootWeb()
12 SYSTEMPATH\rewrite.php(44): require_once('D:\\tugas_SEM4\\pemrograman web 2\\ourapp\\public\\index.php')
DEBUG - 2025-06-27 15:54:14 --> Session: Class initialized using 'CodeIgniter\Session\Handlers\FileHandler' driver.
DEBUG - 2025-06-27 15:54:16 --> Session: Class initialized using 'CodeIgniter\Session\Handlers\FileHandler' driver.
DEBUG - 2025-06-27 15:54:16 --> Session: Class initialized using 'CodeIgniter\Session\Handlers\FileHandler' driver.
DEBUG - 2025-06-27 15:54:57 --> Session: Class initialized using 'CodeIgniter\Session\Handlers\FileHandler' driver.
DEBUG - 2025-06-27 15:54:57 --> Session: Class initialized using 'CodeIgniter\Session\Handlers\FileHandler' driver.
